This file contains any messages produced by compilers while
running configure, to aid debugging if configure makes a mistake.

It was created by harminv configure 1.4.1, which was
generated by GNU Autoconf 2.69.  Invocation command line was

  $ ./configure 

## --------- ##
## Platform. ##
## --------- ##

hostname = y201
uname -m = x86_64
uname -r = 4.15.0-128-generic
uname -s = Linux
uname -v = #131-Ubuntu SMP Wed Dec 9 06:57:35 UTC 2020

/usr/bin/uname -p = unknown
/bin/uname -X     = unknown

/bin/arch              = unknown
/usr/bin/arch -k       = unknown
/usr/convex/getsysinfo = unknown
/usr/bin/hostinfo      = unknown
/bin/machine           = unknown
/usr/bin/oslevel       = unknown
/bin/universe          = unknown

PATH: /usr/local/sbin
PATH: /usr/local/bin
PATH: /usr/sbin
PATH: /usr/bin
PATH: /sbin
PATH: /bin
PATH: /usr/games
PATH: /usr/local/games
PATH: /snap/bin
PATH: /usr/local/cuda-10.2/bin
PATH: /usr/local/openmpi/bin


## ----------- ##
## Core tests. ##
## ----------- ##

configure:2583: checking for a BSD-compatible install
configure:2651: result: /usr/bin/install -c
configure:2662: checking whether build environment is sane
configure:2717: result: yes
configure:2868: checking for a thread-safe mkdir -p
configure:2907: result: /bin/mkdir -p
configure:2914: checking for gawk
configure:2930: found /usr/bin/gawk
configure:2941: result: gawk
configure:2952: checking whether make sets $(MAKE)
configure:2974: result: yes
configure:3003: checking whether make supports nested variables
configure:3020: result: yes
configure:3157: checking whether make supports nested variables
configure:3174: result: yes
configure:3190: checking whether to enable maintainer-specific portions of Makefiles
configure:3199: result: no
configure:3317: checking for gcc
configure:3333: found /usr/bin/gcc
configure:3344: result: gcc
configure:3573: checking for C compiler version
configure:3582: gcc --version >&5
gcc (Ubuntu 7.5.0-3ubuntu1~18.04) 7.5.0
Copyright (C) 2017 Free Software Foundation, Inc.
This is free software; see the source for copying conditions.  There is NO
warranty; not even for MERCHANTABILITY or FITNESS FOR A PARTICULAR PURPOSE.

configure:3593: $? = 0
configure:3582: gcc -v >&5
Using built-in specs.
COLLECT_GCC=gcc
COLLECT_LTO_WRAPPER=/usr/lib/gcc/x86_64-linux-gnu/7/lto-wrapper
OFFLOAD_TARGET_NAMES=nvptx-none
OFFLOAD_TARGET_DEFAULT=1
Target: x86_64-linux-gnu
Configured with: ../src/configure -v --with-pkgversion='Ubuntu 7.5.0-3ubuntu1~18.04' --with-bugurl=file:///usr/share/doc/gcc-7/README.Bugs --enable-languages=c,ada,c++,go,brig,d,fortran,objc,obj-c++ --prefix=/usr --with-gcc-major-version-only --program-suffix=-7 --program-prefix=x86_64-linux-gnu- --enable-shared --enable-linker-build-id --libexecdir=/usr/lib --without-included-gettext --enable-threads=posix --libdir=/usr/lib --enable-nls --enable-bootstrap --enable-clocale=gnu --enable-libstdcxx-debug --enable-libstdcxx-time=yes --with-default-libstdcxx-abi=new --enable-gnu-unique-object --disable-vtable-verify --enable-libmpx --enable-plugin --enable-default-pie --with-system-zlib --with-target-system-zlib --enable-objc-gc=auto --enable-multiarch --disable-werror --with-arch-32=i686 --with-abi=m64 --with-multilib-list=m32,m64,mx32 --enable-multilib --with-tune=generic --enable-offload-targets=nvptx-none --without-cuda-driver --enable-checking=release --build=x86_64-linux-gnu --host=x86_64-linux-gnu --target=x86_64-linux-gnu
Thread model: posix
gcc version 7.5.0 (Ubuntu 7.5.0-3ubuntu1~18.04) 
configure:3593: $? = 0
configure:3582: gcc -V >&5
gcc: error: unrecognized command line option '-V'
gcc: fatal error: no input files
compilation terminated.
configure:3593: $? = 1
configure:3582: gcc -qversion >&5
gcc: error: unrecognized command line option '-qversion'; did you mean '--version'?
gcc: fatal error: no input files
compilation terminated.
configure:3593: $? = 1
configure:3613: checking whether the C compiler works
configure:3635: gcc    conftest.c  >&5
configure:3639: $? = 0
configure:3687: result: yes
configure:3690: checking for C compiler default output file name
configure:3692: result: a.out
configure:3698: checking for suffix of executables
configure:3705: gcc -o conftest    conftest.c  >&5
configure:3709: $? = 0
configure:3731: result: 
configure:3753: checking whether we are cross compiling
configure:3761: gcc -o conftest    conftest.c  >&5
configure:3765: $? = 0
configure:3772: ./conftest
configure:3776: $? = 0
configure:3791: result: no
configure:3796: checking for suffix of object files
configure:3818: gcc -c   conftest.c >&5
configure:3822: $? = 0
configure:3843: result: o
configure:3847: checking whether we are using the GNU C compiler
configure:3866: gcc -c   conftest.c >&5
configure:3866: $? = 0
configure:3875: result: yes
configure:3884: checking whether gcc accepts -g
configure:3904: gcc -c -g  conftest.c >&5
configure:3904: $? = 0
configure:3945: result: yes
configure:3962: checking for gcc option to accept ISO C89
configure:4025: gcc  -c -g -O2  conftest.c >&5
configure:4025: $? = 0
configure:4038: result: none needed
configure:4063: checking whether gcc understands -c and -o together
configure:4085: gcc -c conftest.c -o conftest2.o
configure:4088: $? = 0
configure:4085: gcc -c conftest.c -o conftest2.o
configure:4088: $? = 0
configure:4100: result: yes
configure:4128: checking for style of include used by make
configure:4156: result: GNU
configure:4182: checking dependency style of gcc
configure:4293: result: gcc3
configure:4308: checking whether make sets $(MAKE)
configure:4330: result: yes
configure:4395: checking for g77
configure:4425: result: no
configure:4395: checking for xlf
configure:4425: result: no
configure:4395: checking for f77
configure:4411: found /usr/bin/f77
configure:4422: result: f77
configure:4448: checking for Fortran 77 compiler version
configure:4457: f77 --version >&5
GNU Fortran (Ubuntu 7.5.0-3ubuntu1~18.04) 7.5.0
Copyright (C) 2017 Free Software Foundation, Inc.
This is free software; see the source for copying conditions.  There is NO
warranty; not even for MERCHANTABILITY or FITNESS FOR A PARTICULAR PURPOSE.

configure:4468: $? = 0
configure:4457: f77 -v >&5
Using built-in specs.
COLLECT_GCC=f77
COLLECT_LTO_WRAPPER=/usr/lib/gcc/x86_64-linux-gnu/7/lto-wrapper
OFFLOAD_TARGET_NAMES=nvptx-none
OFFLOAD_TARGET_DEFAULT=1
Target: x86_64-linux-gnu
Configured with: ../src/configure -v --with-pkgversion='Ubuntu 7.5.0-3ubuntu1~18.04' --with-bugurl=file:///usr/share/doc/gcc-7/README.Bugs --enable-languages=c,ada,c++,go,brig,d,fortran,objc,obj-c++ --prefix=/usr --with-gcc-major-version-only --program-suffix=-7 --program-prefix=x86_64-linux-gnu- --enable-shared --enable-linker-build-id --libexecdir=/usr/lib --without-included-gettext --enable-threads=posix --libdir=/usr/lib --enable-nls --enable-bootstrap --enable-clocale=gnu --enable-libstdcxx-debug --enable-libstdcxx-time=yes --with-default-libstdcxx-abi=new --enable-gnu-unique-object --disable-vtable-verify --enable-libmpx --enable-plugin --enable-default-pie --with-system-zlib --with-target-system-zlib --enable-objc-gc=auto --enable-multiarch --disable-werror --with-arch-32=i686 --with-abi=m64 --with-multilib-list=m32,m64,mx32 --enable-multilib --with-tune=generic --enable-offload-targets=nvptx-none --without-cuda-driver --enable-checking=release --build=x86_64-linux-gnu --host=x86_64-linux-gnu --target=x86_64-linux-gnu
Thread model: posix
gcc version 7.5.0 (Ubuntu 7.5.0-3ubuntu1~18.04) 
configure:4468: $? = 0
configure:4457: f77 -V >&5
f77: error: unrecognized command line option '-V'
f77: fatal error: no input files
compilation terminated.
configure:4468: $? = 1
configure:4457: f77 -qversion >&5
f77: error: unrecognized command line option '-qversion'; did you mean '--version'?
f77: fatal error: no input files
compilation terminated.
configure:4468: $? = 1
configure:4477: checking whether we are using the GNU Fortran 77 compiler
configure:4490: f77 -c  conftest.F >&5
configure:4490: $? = 0
configure:4499: result: yes
configure:4505: checking whether f77 accepts -g
configure:4516: f77 -c -g conftest.f >&5
configure:4516: $? = 0
configure:4524: result: yes
configure:4557: checking build system type
configure:4571: result: x86_64-unknown-linux-gnu
configure:4591: checking host system type
configure:4604: result: x86_64-unknown-linux-gnu
configure:4629: checking how to get verbose linking output from f77
configure:4639: f77 -c -g -O2 conftest.f >&5
configure:4639: $? = 0
configure:4657: f77 -o conftest -g -O2 -v conftest.f
Using built-in specs.
Target: x86_64-linux-gnu
Thread model: posix
gcc version 7.5.0 (Ubuntu 7.5.0-3ubuntu1~18.04) 
 /usr/lib/gcc/x86_64-linux-gnu/7/f951 conftest.f -ffixed-form -quiet -dumpbase conftest.f -mtune=generic -march=x86-64 -auxbase conftest -g -O2 -version -fintrinsic-modules-path /usr/lib/gcc/x86_64-linux-gnu/7/finclude -o /tmp/ccD30Rwj.s
GNU Fortran (Ubuntu 7.5.0-3ubuntu1~18.04) version 7.5.0 (x86_64-linux-gnu)
	compiled by GNU C version 7.5.0, GMP version 6.1.2, MPFR version 4.0.1, MPC version 1.1.0, isl version isl-0.19-GMP

GGC heuristics: --param ggc-min-expand=100 --param ggc-min-heapsize=131072
GNU Fortran2008 (Ubuntu 7.5.0-3ubuntu1~18.04) version 7.5.0 (x86_64-linux-gnu)
	compiled by GNU C version 7.5.0, GMP version 6.1.2, MPFR version 4.0.1, MPC version 1.1.0, isl version isl-0.19-GMP

GGC heuristics: --param ggc-min-expand=100 --param ggc-min-heapsize=131072
 as -v --64 -o /tmp/ccDoP2me.o /tmp/ccD30Rwj.s
GNU assembler version 2.30 (x86_64-linux-gnu) using BFD version (GNU Binutils for Ubuntu) 2.30
Reading specs from /usr/lib/gcc/x86_64-linux-gnu/7/libgfortran.spec
rename spec lib to liborig
 /usr/lib/gcc/x86_64-linux-gnu/7/collect2 -plugin /usr/lib/gcc/x86_64-linux-gnu/7/liblto_plugin.so -plugin-opt=/usr/lib/gcc/x86_64-linux-gnu/7/lto-wrapper -plugin-opt=-fresolution=/tmp/ccFYcif9.res -plugin-opt=-pass-through=-lgcc_s -plugin-opt=-pass-through=-lgcc -plugin-opt=-pass-through=-lquadmath -plugin-opt=-pass-through=-lm -plugin-opt=-pass-through=-lgcc_s -plugin-opt=-pass-through=-lgcc -plugin-opt=-pass-through=-lc -plugin-opt=-pass-through=-lgcc_s -plugin-opt=-pass-through=-lgcc --build-id --eh-frame-hdr -m elf_x86_64 --hash-style=gnu --as-needed -dynamic-linker /lib64/ld-linux-x86-64.so.2 -pie -z now -z relro -o conftest /usr/lib/gcc/x86_64-linux-gnu/7/../../../x86_64-linux-gnu/Scrt1.o /usr/lib/gcc/x86_64-linux-gnu/7/../../../x86_64-linux-gnu/crti.o /usr/lib/gcc/x86_64-linux-gnu/7/crtbeginS.o -L/usr/lib/gcc/x86_64-linux-gnu/7 -L/usr/lib/gcc/x86_64-linux-gnu/7/../../../x86_64-linux-gnu -L/usr/lib/gcc/x86_64-linux-gnu/7/../../../../lib -L/lib/x86_64-linux-gnu -L/lib/../lib -L/usr/lib/x86_64-linux-gnu -L/usr/lib/../lib -L/usr/lib/gcc/x86_64-linux-gnu/7/../../.. /tmp/ccDoP2me.o -lgfortran -lm -lgcc_s -lgcc -lquadmath -lm -lgcc_s -lgcc -lc -lgcc_s -lgcc /usr/lib/gcc/x86_64-linux-gnu/7/crtendS.o /usr/lib/gcc/x86_64-linux-gnu/7/../../../x86_64-linux-gnu/crtn.o
configure:4740: result: -v
configure:4742: checking for Fortran 77 libraries of f77
configure:4765: f77 -o conftest -g -O2 -v conftest.f
Using built-in specs.
Target: x86_64-linux-gnu
Thread model: posix
gcc version 7.5.0 (Ubuntu 7.5.0-3ubuntu1~18.04) 
 /usr/lib/gcc/x86_64-linux-gnu/7/f951 conftest.f -ffixed-form -quiet -dumpbase conftest.f -mtune=generic -march=x86-64 -auxbase conftest -g -O2 -version -fintrinsic-modules-path /usr/lib/gcc/x86_64-linux-gnu/7/finclude -o /tmp/ccYcTO9I.s
GNU Fortran (Ubuntu 7.5.0-3ubuntu1~18.04) version 7.5.0 (x86_64-linux-gnu)
	compiled by GNU C version 7.5.0, GMP version 6.1.2, MPFR version 4.0.1, MPC version 1.1.0, isl version isl-0.19-GMP

GGC heuristics: --param ggc-min-expand=100 --param ggc-min-heapsize=131072
GNU Fortran2008 (Ubuntu 7.5.0-3ubuntu1~18.04) version 7.5.0 (x86_64-linux-gnu)
	compiled by GNU C version 7.5.0, GMP version 6.1.2, MPFR version 4.0.1, MPC version 1.1.0, isl version isl-0.19-GMP

GGC heuristics: --param ggc-min-expand=100 --param ggc-min-heapsize=131072
 as -v --64 -o /tmp/cc1mf97E.o /tmp/ccYcTO9I.s
GNU assembler version 2.30 (x86_64-linux-gnu) using BFD version (GNU Binutils for Ubuntu) 2.30
Reading specs from /usr/lib/gcc/x86_64-linux-gnu/7/libgfortran.spec
rename spec lib to liborig
 /usr/lib/gcc/x86_64-linux-gnu/7/collect2 -plugin /usr/lib/gcc/x86_64-linux-gnu/7/liblto_plugin.so -plugin-opt=/usr/lib/gcc/x86_64-linux-gnu/7/lto-wrapper -plugin-opt=-fresolution=/tmp/ccCJqA8A.res -plugin-opt=-pass-through=-lgcc_s -plugin-opt=-pass-through=-lgcc -plugin-opt=-pass-through=-lquadmath -plugin-opt=-pass-through=-lm -plugin-opt=-pass-through=-lgcc_s -plugin-opt=-pass-through=-lgcc -plugin-opt=-pass-through=-lc -plugin-opt=-pass-through=-lgcc_s -plugin-opt=-pass-through=-lgcc --build-id --eh-frame-hdr -m elf_x86_64 --hash-style=gnu --as-needed -dynamic-linker /lib64/ld-linux-x86-64.so.2 -pie -z now -z relro -o conftest /usr/lib/gcc/x86_64-linux-gnu/7/../../../x86_64-linux-gnu/Scrt1.o /usr/lib/gcc/x86_64-linux-gnu/7/../../../x86_64-linux-gnu/crti.o /usr/lib/gcc/x86_64-linux-gnu/7/crtbeginS.o -L/usr/lib/gcc/x86_64-linux-gnu/7 -L/usr/lib/gcc/x86_64-linux-gnu/7/../../../x86_64-linux-gnu -L/usr/lib/gcc/x86_64-linux-gnu/7/../../../../lib -L/lib/x86_64-linux-gnu -L/lib/../lib -L/usr/lib/x86_64-linux-gnu -L/usr/lib/../lib -L/usr/lib/gcc/x86_64-linux-gnu/7/../../.. /tmp/cc1mf97E.o -lgfortran -lm -lgcc_s -lgcc -lquadmath -lm -lgcc_s -lgcc -lc -lgcc_s -lgcc /usr/lib/gcc/x86_64-linux-gnu/7/crtendS.o /usr/lib/gcc/x86_64-linux-gnu/7/../../../x86_64-linux-gnu/crtn.o
configure:4961: result:  -L/usr/lib/gcc/x86_64-linux-gnu/7 -L/usr/lib/gcc/x86_64-linux-gnu/7/../../../x86_64-linux-gnu -L/usr/lib/gcc/x86_64-linux-gnu/7/../../../../lib -L/lib/x86_64-linux-gnu -L/lib/../lib -L/usr/lib/x86_64-linux-gnu -L/usr/lib/../lib -L/usr/lib/gcc/x86_64-linux-gnu/7/../../.. -lgfortran -lm -lquadmath
configure:4978: checking for dummy main to link with Fortran 77 libraries
configure:5012: gcc -o conftest -g -O2   conftest.c   -L/usr/lib/gcc/x86_64-linux-gnu/7 -L/usr/lib/gcc/x86_64-linux-gnu/7/../../../x86_64-linux-gnu -L/usr/lib/gcc/x86_64-linux-gnu/7/../../../../lib -L/lib/x86_64-linux-gnu -L/lib/../lib -L/usr/lib/x86_64-linux-gnu -L/usr/lib/../lib -L/usr/lib/gcc/x86_64-linux-gnu/7/../../.. -lgfortran -lm -lquadmath >&5
configure:5012: $? = 0
configure:5057: result: none
configure:5090: checking for Fortran 77 name-mangling scheme
configure:5103: f77 -c -g -O2 conftest.f >&5
configure:5103: $? = 0
configure:5144: gcc -o conftest -g -O2   conftest.c cfortran_test.o   -L/usr/lib/gcc/x86_64-linux-gnu/7 -L/usr/lib/gcc/x86_64-linux-gnu/7/../../../x86_64-linux-gnu -L/usr/lib/gcc/x86_64-linux-gnu/7/../../../../lib -L/lib/x86_64-linux-gnu -L/lib/../lib -L/usr/lib/x86_64-linux-gnu -L/usr/lib/../lib -L/usr/lib/gcc/x86_64-linux-gnu/7/../../.. -lgfortran -lm -lquadmath >&5
/tmp/ccMVfWge.o: In function `main':
/home/ldg/2nd_paper/harminv-1.4.1/conftest.c:30: undefined reference to `foobar'
collect2: error: ld returned 1 exit status
configure:5144: $? = 1
configure: failed program was:
| /* confdefs.h */
| #define PACKAGE_NAME "harminv"
| #define PACKAGE_TARNAME "harminv"
| #define PACKAGE_VERSION "1.4.1"
| #define PACKAGE_STRING "harminv 1.4.1"
| #define PACKAGE_BUGREPORT "stevenj@alum.mit.edu"
| #define PACKAGE_URL ""
| #define PACKAGE "harminv"
| #define VERSION "1.4.1"
| /* end confdefs.h.  */
| 
| /* Override any GCC internal prototype to avoid an error.
|    Use char because int might match the return type of a GCC
|    builtin and then its argument prototype would still apply.  */
| #ifdef __cplusplus
| extern "C"
| #endif
| char foobar ();
| #ifdef F77_DUMMY_MAIN
| 
| #  ifdef __cplusplus
|      extern "C"
| #  endif
|    int F77_DUMMY_MAIN() { return 1; }
| 
| #endif
| int
| main ()
| {
| return foobar ();
|   ;
|   return 0;
| }
configure:5144: gcc -o conftest -g -O2   conftest.c cfortran_test.o   -L/usr/lib/gcc/x86_64-linux-gnu/7 -L/usr/lib/gcc/x86_64-linux-gnu/7/../../../x86_64-linux-gnu -L/usr/lib/gcc/x86_64-linux-gnu/7/../../../../lib -L/lib/x86_64-linux-gnu -L/lib/../lib -L/usr/lib/x86_64-linux-gnu -L/usr/lib/../lib -L/usr/lib/gcc/x86_64-linux-gnu/7/../../.. -lgfortran -lm -lquadmath >&5
configure:5144: $? = 0
configure:5202: gcc -o conftest -g -O2   conftest.c cfortran_test.o   -L/usr/lib/gcc/x86_64-linux-gnu/7 -L/usr/lib/gcc/x86_64-linux-gnu/7/../../../x86_64-linux-gnu -L/usr/lib/gcc/x86_64-linux-gnu/7/../../../../lib -L/lib/x86_64-linux-gnu -L/lib/../lib -L/usr/lib/x86_64-linux-gnu -L/usr/lib/../lib -L/usr/lib/gcc/x86_64-linux-gnu/7/../../.. -lgfortran -lm -lquadmath >&5
configure:5202: $? = 0
configure:5244: result: lower case, underscore, no extra underscore
configure:5323: checking how to run the C preprocessor
configure:5354: gcc -E  conftest.c
configure:5354: $? = 0
configure:5368: gcc -E  conftest.c
conftest.c:13:10: fatal error: ac_nonexistent.h: No such file or directory
 #include <ac_nonexistent.h>
          ^~~~~~~~~~~~~~~~~~
compilation terminated.
configure:5368: $? = 1
configure: failed program was:
| /* confdefs.h */
| #define PACKAGE_NAME "harminv"
| #define PACKAGE_TARNAME "harminv"
| #define PACKAGE_VERSION "1.4.1"
| #define PACKAGE_STRING "harminv 1.4.1"
| #define PACKAGE_BUGREPORT "stevenj@alum.mit.edu"
| #define PACKAGE_URL ""
| #define PACKAGE "harminv"
| #define VERSION "1.4.1"
| #define F77_FUNC(name,NAME) name ## _
| #define F77_FUNC_(name,NAME) name ## _
| /* end confdefs.h.  */
| #include <ac_nonexistent.h>
configure:5393: result: gcc -E
configure:5413: gcc -E  conftest.c
configure:5413: $? = 0
configure:5427: gcc -E  conftest.c
conftest.c:13:10: fatal error: ac_nonexistent.h: No such file or directory
 #include <ac_nonexistent.h>
          ^~~~~~~~~~~~~~~~~~
compilation terminated.
configure:5427: $? = 1
configure: failed program was:
| /* confdefs.h */
| #define PACKAGE_NAME "harminv"
| #define PACKAGE_TARNAME "harminv"
| #define PACKAGE_VERSION "1.4.1"
| #define PACKAGE_STRING "harminv 1.4.1"
| #define PACKAGE_BUGREPORT "stevenj@alum.mit.edu"
| #define PACKAGE_URL ""
| #define PACKAGE "harminv"
| #define VERSION "1.4.1"
| #define F77_FUNC(name,NAME) name ## _
| #define F77_FUNC_(name,NAME) name ## _
| /* end confdefs.h.  */
| #include <ac_nonexistent.h>
configure:5456: checking for grep that handles long lines and -e
configure:5514: result: /bin/grep
configure:5519: checking for egrep
configure:5581: result: /bin/grep -E
configure:5586: checking for ANSI C header files
configure:5614: gcc -c -g -O2  conftest.c >&5
configure:5614: $? = 0
configure:5687: gcc -o conftest -g -O2   conftest.c  >&5
configure:5687: $? = 0
configure:5687: ./conftest
configure:5687: $? = 0
configure:5698: result: yes
configure:5711: checking for sys/types.h
configure:5711: gcc -c -g -O2  conftest.c >&5
configure:5711: $? = 0
configure:5711: result: yes
configure:5711: checking for sys/stat.h
configure:5711: gcc -c -g -O2  conftest.c >&5
configure:5711: $? = 0
configure:5711: result: yes
configure:5711: checking for stdlib.h
configure:5711: gcc -c -g -O2  conftest.c >&5
configure:5711: $? = 0
configure:5711: result: yes
configure:5711: checking for string.h
configure:5711: gcc -c -g -O2  conftest.c >&5
configure:5711: $? = 0
configure:5711: result: yes
configure:5711: checking for memory.h
configure:5711: gcc -c -g -O2  conftest.c >&5
configure:5711: $? = 0
configure:5711: result: yes
configure:5711: checking for strings.h
configure:5711: gcc -c -g -O2  conftest.c >&5
configure:5711: $? = 0
configure:5711: result: yes
configure:5711: checking for inttypes.h
configure:5711: gcc -c -g -O2  conftest.c >&5
configure:5711: $? = 0
configure:5711: result: yes
configure:5711: checking for stdint.h
configure:5711: gcc -c -g -O2  conftest.c >&5
configure:5711: $? = 0
configure:5711: result: yes
configure:5711: checking for unistd.h
configure:5711: gcc -c -g -O2  conftest.c >&5
configure:5711: $? = 0
configure:5711: result: yes
configure:5726: checking for unistd.h
configure:5726: result: yes
configure:5726: checking getopt.h usability
configure:5726: gcc -c -g -O2  conftest.c >&5
configure:5726: $? = 0
configure:5726: result: yes
configure:5726: checking getopt.h presence
configure:5726: gcc -E  conftest.c
configure:5726: $? = 0
configure:5726: result: yes
configure:5726: checking for getopt.h
configure:5726: result: yes
configure:5750: checking for gcc option to accept ISO C99
configure:5907: gcc  -c -g -O2  conftest.c >&5
configure:5907: $? = 0
configure:5920: result: none needed
configure:5939: checking complex.h usability
configure:5939: gcc -c -g -O2  conftest.c >&5
configure:5939: $? = 0
configure:5939: result: yes
configure:5939: checking complex.h presence
configure:5939: gcc -E  conftest.c
configure:5939: $? = 0
configure:5939: result: yes
configure:5939: checking for complex.h
configure:5939: result: yes
configure:5949: checking for C complex keyword
configure:5975: gcc -c -g -O2  conftest.c >&5
configure:5975: $? = 0
configure:5982: result: complex
configure:5998: checking for C complex I constant
configure:6024: gcc -c -g -O2  conftest.c >&5
configure:6024: $? = 0
configure:6031: result: I
configure:6047: checking for CX_LIMITED_RANGE_ON macro
configure:6072: gcc -c -g -O2  conftest.c >&5
conftest.c: In function 'main':
conftest.c:38:1: error: 'CX_LIMITED_RANGE_ON' undeclared (first use in this function)
 CX_LIMITED_RANGE_ON;
 ^~~~~~~~~~~~~~~~~~~
conftest.c:38:1: note: each undeclared identifier is reported only once for each function it appears in
configure:6072: $? = 1
configure: failed program was:
| /* confdefs.h */
| #define PACKAGE_NAME "harminv"
| #define PACKAGE_TARNAME "harminv"
| #define PACKAGE_VERSION "1.4.1"
| #define PACKAGE_STRING "harminv 1.4.1"
| #define PACKAGE_BUGREPORT "stevenj@alum.mit.edu"
| #define PACKAGE_URL ""
| #define PACKAGE "harminv"
| #define VERSION "1.4.1"
| #define F77_FUNC(name,NAME) name ## _
| #define F77_FUNC_(name,NAME) name ## _
| #define STDC_HEADERS 1
| #define HAVE_SYS_TYPES_H 1
| #define HAVE_SYS_STAT_H 1
| #define HAVE_STDLIB_H 1
| #define HAVE_STRING_H 1
| #define HAVE_MEMORY_H 1
| #define HAVE_STRINGS_H 1
| #define HAVE_INTTYPES_H 1
| #define HAVE_STDINT_H 1
| #define HAVE_UNISTD_H 1
| #define HAVE_UNISTD_H 1
| #define HAVE_GETOPT_H 1
| #define HAVE_COMPLEX_H 1
| /* end confdefs.h.  */
| #include <complex.h>
| #ifdef F77_DUMMY_MAIN
| 
| #  ifdef __cplusplus
|      extern "C"
| #  endif
|    int F77_DUMMY_MAIN() { return 1; }
| 
| #endif
| int
| main ()
| {
| CX_LIMITED_RANGE_ON;
|   ;
|   return 0;
| }
configure:6077: result: no
configure:6092: checking for carg
configure:6092: gcc -o conftest -g -O2   conftest.c  >&5
conftest.c:50:6: warning: conflicting types for built-in function 'carg' [-Wbuiltin-declaration-mismatch]
 char carg ();
      ^~~~
/tmp/ccE6JvXd.o: In function `main':
/home/ldg/2nd_paper/harminv-1.4.1/conftest.c:69: undefined reference to `carg'
collect2: error: ld returned 1 exit status
configure:6092: $? = 1
configure: failed program was:
| /* confdefs.h */
| #define PACKAGE_NAME "harminv"
| #define PACKAGE_TARNAME "harminv"
| #define PACKAGE_VERSION "1.4.1"
| #define PACKAGE_STRING "harminv 1.4.1"
| #define PACKAGE_BUGREPORT "stevenj@alum.mit.edu"
| #define PACKAGE_URL ""
| #define PACKAGE "harminv"
| #define VERSION "1.4.1"
| #define F77_FUNC(name,NAME) name ## _
| #define F77_FUNC_(name,NAME) name ## _
| #define STDC_HEADERS 1
| #define HAVE_SYS_TYPES_H 1
| #define HAVE_SYS_STAT_H 1
| #define HAVE_STDLIB_H 1
| #define HAVE_STRING_H 1
| #define HAVE_MEMORY_H 1
| #define HAVE_STRINGS_H 1
| #define HAVE_INTTYPES_H 1
| #define HAVE_STDINT_H 1
| #define HAVE_UNISTD_H 1
| #define HAVE_UNISTD_H 1
| #define HAVE_GETOPT_H 1
| #define HAVE_COMPLEX_H 1
| #define CX_LIMITED_RANGE_ON 0
| /* end confdefs.h.  */
| /* Define carg to an innocuous variant, in case <limits.h> declares carg.
|    For example, HP-UX 11i <limits.h> declares gettimeofday.  */
| #define carg innocuous_carg
| 
| /* System header to define __stub macros and hopefully few prototypes,
|     which can conflict with char carg (); below.
|     Prefer <limits.h> to <assert.h> if __STDC__ is defined, since
|     <limits.h> exists even on freestanding compilers.  */
| 
| #ifdef __STDC__
| # include <limits.h>
| #else
| # include <assert.h>
| #endif
| 
| #undef carg
| 
| /* Override any GCC internal prototype to avoid an error.
|    Use char because int might match the return type of a GCC
|    builtin and then its argument prototype would still apply.  */
| #ifdef __cplusplus
| extern "C"
| #endif
| char carg ();
| /* The GNU C library defines this for functions which it implements
|     to always fail with ENOSYS.  Some functions are actually named
|     something starting with __ and the normal name is an alias.  */
| #if defined __stub_carg || defined __stub___carg
| choke me
| #endif
| 
| #ifdef F77_DUMMY_MAIN
| 
| #  ifdef __cplusplus
|      extern "C"
| #  endif
|    int F77_DUMMY_MAIN() { return 1; }
| 
| #endif
| int
| main ()
| {
| return carg ();
|   ;
|   return 0;
| }
configure:6092: result: no
configure:6163: checking for g++
configure:6179: found /usr/bin/g++
configure:6190: result: g++
configure:6217: checking for C++ compiler version
configure:6226: g++ --version >&5
g++ (Ubuntu 7.5.0-3ubuntu1~18.04) 7.5.0
Copyright (C) 2017 Free Software Foundation, Inc.
This is free software; see the source for copying conditions.  There is NO
warranty; not even for MERCHANTABILITY or FITNESS FOR A PARTICULAR PURPOSE.

configure:6237: $? = 0
configure:6226: g++ -v >&5
Using built-in specs.
COLLECT_GCC=g++
COLLECT_LTO_WRAPPER=/usr/lib/gcc/x86_64-linux-gnu/7/lto-wrapper
OFFLOAD_TARGET_NAMES=nvptx-none
OFFLOAD_TARGET_DEFAULT=1
Target: x86_64-linux-gnu
Configured with: ../src/configure -v --with-pkgversion='Ubuntu 7.5.0-3ubuntu1~18.04' --with-bugurl=file:///usr/share/doc/gcc-7/README.Bugs --enable-languages=c,ada,c++,go,brig,d,fortran,objc,obj-c++ --prefix=/usr --with-gcc-major-version-only --program-suffix=-7 --program-prefix=x86_64-linux-gnu- --enable-shared --enable-linker-build-id --libexecdir=/usr/lib --without-included-gettext --enable-threads=posix --libdir=/usr/lib --enable-nls --enable-bootstrap --enable-clocale=gnu --enable-libstdcxx-debug --enable-libstdcxx-time=yes --with-default-libstdcxx-abi=new --enable-gnu-unique-object --disable-vtable-verify --enable-libmpx --enable-plugin --enable-default-pie --with-system-zlib --with-target-system-zlib --enable-objc-gc=auto --enable-multiarch --disable-werror --with-arch-32=i686 --with-abi=m64 --with-multilib-list=m32,m64,mx32 --enable-multilib --with-tune=generic --enable-offload-targets=nvptx-none --without-cuda-driver --enable-checking=release --build=x86_64-linux-gnu --host=x86_64-linux-gnu --target=x86_64-linux-gnu
Thread model: posix
gcc version 7.5.0 (Ubuntu 7.5.0-3ubuntu1~18.04) 
configure:6237: $? = 0
configure:6226: g++ -V >&5
g++: error: unrecognized command line option '-V'
g++: fatal error: no input files
compilation terminated.
configure:6237: $? = 1
configure:6226: g++ -qversion >&5
g++: error: unrecognized command line option '-qversion'; did you mean '--version'?
g++: fatal error: no input files
compilation terminated.
configure:6237: $? = 1
configure:6241: checking whether we are using the GNU C++ compiler
configure:6268: g++ -c   conftest.cpp >&5
configure:6268: $? = 0
configure:6277: result: yes
configure:6286: checking whether g++ accepts -g
configure:6314: g++ -c -g  conftest.cpp >&5
configure:6314: $? = 0
configure:6371: result: yes
configure:6396: checking dependency style of g++
configure:6507: result: gcc3
configure:6529: checking for long double
configure:6529: gcc -c -g -O2  conftest.c >&5
configure:6529: $? = 0
configure:6529: gcc -c -g -O2  conftest.c >&5
conftest.c: In function 'main':
conftest.c:71:26: error: expected expression before ')' token
 if (sizeof ((long double)))
                          ^
configure:6529: $? = 1
configure: failed program was:
| /* confdefs.h */
| #define PACKAGE_NAME "harminv"
| #define PACKAGE_TARNAME "harminv"
| #define PACKAGE_VERSION "1.4.1"
| #define PACKAGE_STRING "harminv 1.4.1"
| #define PACKAGE_BUGREPORT "stevenj@alum.mit.edu"
| #define PACKAGE_URL ""
| #define PACKAGE "harminv"
| #define VERSION "1.4.1"
| #define F77_FUNC(name,NAME) name ## _
| #define F77_FUNC_(name,NAME) name ## _
| #define STDC_HEADERS 1
| #define HAVE_SYS_TYPES_H 1
| #define HAVE_SYS_STAT_H 1
| #define HAVE_STDLIB_H 1
| #define HAVE_STRING_H 1
| #define HAVE_MEMORY_H 1
| #define HAVE_STRINGS_H 1
| #define HAVE_INTTYPES_H 1
| #define HAVE_STDINT_H 1
| #define HAVE_UNISTD_H 1
| #define HAVE_UNISTD_H 1
| #define HAVE_GETOPT_H 1
| #define HAVE_COMPLEX_H 1
| #define CX_LIMITED_RANGE_ON 0
| /* end confdefs.h.  */
| #include <stdio.h>
| #ifdef HAVE_SYS_TYPES_H
| # include <sys/types.h>
| #endif
| #ifdef HAVE_SYS_STAT_H
| # include <sys/stat.h>
| #endif
| #ifdef STDC_HEADERS
| # include <stdlib.h>
| # include <stddef.h>
| #else
| # ifdef HAVE_STDLIB_H
| #  include <stdlib.h>
| # endif
| #endif
| #ifdef HAVE_STRING_H
| # if !defined STDC_HEADERS && defined HAVE_MEMORY_H
| #  include <memory.h>
| # endif
| # include <string.h>
| #endif
| #ifdef HAVE_STRINGS_H
| # include <strings.h>
| #endif
| #ifdef HAVE_INTTYPES_H
| # include <inttypes.h>
| #endif
| #ifdef HAVE_STDINT_H
| # include <stdint.h>
| #endif
| #ifdef HAVE_UNISTD_H
| # include <unistd.h>
| #endif
| #ifdef F77_DUMMY_MAIN
| 
| #  ifdef __cplusplus
|      extern "C"
| #  endif
|    int F77_DUMMY_MAIN() { return 1; }
| 
| #endif
| int
| main ()
| {
| if (sizeof ((long double)))
| 	    return 0;
|   ;
|   return 0;
| }
configure:6529: result: yes
configure:6588: checking how to print strings
configure:6615: result: printf
configure:6636: checking for a sed that does not truncate output
configure:6700: result: /bin/sed
configure:6718: checking for fgrep
configure:6780: result: /bin/grep -F
configure:6815: checking for ld used by gcc
configure:6882: result: /usr/bin/ld
configure:6889: checking if the linker (/usr/bin/ld) is GNU ld
configure:6904: result: yes
configure:6916: checking for BSD- or MS-compatible name lister (nm)
configure:6970: result: /usr/bin/nm -B
configure:7100: checking the name lister (/usr/bin/nm -B) interface
configure:7107: gcc -c -g -O2  conftest.c >&5
configure:7110: /usr/bin/nm -B "conftest.o"
configure:7113: output
0000000000000000 B some_variable
configure:7120: result: BSD nm
configure:7123: checking whether ln -s works
configure:7127: result: yes
configure:7135: checking the maximum length of command line arguments
configure:7266: result: 1572864
configure:7314: checking how to convert x86_64-unknown-linux-gnu file names to x86_64-unknown-linux-gnu format
configure:7354: result: func_convert_file_noop
configure:7361: checking how to convert x86_64-unknown-linux-gnu file names to toolchain format
configure:7381: result: func_convert_file_noop
configure:7388: checking for /usr/bin/ld option to reload object files
configure:7395: result: -r
configure:7469: checking for objdump
configure:7485: found /usr/bin/objdump
configure:7496: result: objdump
configure:7528: checking how to recognize dependent libraries
configure:7728: result: pass_all
configure:7813: checking for dlltool
configure:7843: result: no
configure:7873: checking how to associate runtime and link libraries
configure:7900: result: printf %s\n
configure:7960: checking for ar
configure:7976: found /usr/bin/ar
configure:7987: result: ar
configure:8024: checking for archiver @FILE support
configure:8049: gcc -c -g -O2  conftest.c >&5
configure:8049: $? = 0
configure:8052: ar cru libconftest.a @conftest.lst >&5
ar: `u' modifier ignored since `D' is the default (see `U')
configure:8055: $? = 0
configure:8060: ar cru libconftest.a @conftest.lst >&5
ar: `u' modifier ignored since `D' is the default (see `U')
ar: conftest.o: No such file or directory
configure:8063: $? = 1
configure:8075: result: @
configure:8133: checking for strip
configure:8149: found /usr/bin/strip
configure:8160: result: strip
configure:8232: checking for ranlib
configure:8248: found /usr/bin/ranlib
configure:8259: result: ranlib
configure:8361: checking command to parse /usr/bin/nm -B output from gcc object
configure:8514: gcc -c -g -O2  conftest.c >&5
configure:8517: $? = 0
configure:8521: /usr/bin/nm -B conftest.o \| sed -n -e 's/^.*[ ]\([ABCDGIRSTW][ABCDGIRSTW]*\)[ ][ ]*\([_A-Za-z][_A-Za-z0-9]*\)$/\1 \2 \2/p' | sed '/ __gnu_lto/d' \> conftest.nm
configure:8524: $? = 0
configure:8590: gcc -o conftest -g -O2   conftest.c conftstm.o >&5
configure:8593: $? = 0
configure:8631: result: ok
configure:8678: checking for sysroot
configure:8708: result: no
configure:8715: checking for a working dd
configure:8753: result: /bin/dd
configure:8757: checking how to truncate binary pipes
configure:8772: result: /bin/dd bs=4096 count=1
configure:8908: gcc -c -g -O2  conftest.c >&5
configure:8911: $? = 0
configure:9109: checking for mt
configure:9125: found /bin/mt
configure:9136: result: mt
configure:9159: checking if mt is a manifest tool
configure:9165: mt '-?'
configure:9173: result: no
configure:9855: checking for dlfcn.h
configure:9855: gcc -c -g -O2  conftest.c >&5
configure:9855: $? = 0
configure:9855: result: yes
configure:10092: checking for objdir
configure:10107: result: .libs
configure:10371: checking if gcc supports -fno-rtti -fno-exceptions
configure:10389: gcc -c -g -O2  -fno-rtti -fno-exceptions conftest.c >&5
cc1: warning: command line option '-fno-rtti' is valid for C++/ObjC++ but not for C
configure:10393: $? = 0
configure:10406: result: no
configure:10764: checking for gcc option to produce PIC
configure:10771: result: -fPIC -DPIC
configure:10779: checking if gcc PIC flag -fPIC -DPIC works
configure:10797: gcc -c -g -O2  -fPIC -DPIC -DPIC conftest.c >&5
configure:10801: $? = 0
configure:10814: result: yes
configure:10843: checking if gcc static flag -static works
configure:10871: result: yes
configure:10886: checking if gcc supports -c -o file.o
configure:10907: gcc -c -g -O2  -o out/conftest2.o conftest.c >&5
configure:10911: $? = 0
configure:10933: result: yes
configure:10941: checking if gcc supports -c -o file.o
configure:10988: result: yes
configure:11021: checking whether the gcc linker (/usr/bin/ld -m elf_x86_64) supports shared libraries
configure:12296: result: yes
configure:12536: checking dynamic linker characteristics
configure:13125: gcc -o conftest -g -O2   -Wl,-rpath -Wl,/foo conftest.c  >&5
configure:13125: $? = 0
configure:13362: result: GNU/Linux ld.so
configure:13484: checking how to hardcode library paths into programs
configure:13509: result: immediate
configure:14097: checking whether stripping libraries is possible
configure:14102: result: yes
configure:14137: checking if libtool supports shared libraries
configure:14139: result: yes
configure:14142: checking whether to build shared libraries
configure:14167: result: no
configure:14170: checking whether to build static libraries
configure:14174: result: yes
configure:14197: checking how to run the C++ preprocessor
configure:14224: g++ -E  conftest.cpp
configure:14224: $? = 0
configure:14238: g++ -E  conftest.cpp
conftest.cpp:30:10: fatal error: ac_nonexistent.h: No such file or directory
 #include <ac_nonexistent.h>
          ^~~~~~~~~~~~~~~~~~
compilation terminated.
configure:14238: $? = 1
configure: failed program was:
| /* confdefs.h */
| #define PACKAGE_NAME "harminv"
| #define PACKAGE_TARNAME "harminv"
| #define PACKAGE_VERSION "1.4.1"
| #define PACKAGE_STRING "harminv 1.4.1"
| #define PACKAGE_BUGREPORT "stevenj@alum.mit.edu"
| #define PACKAGE_URL ""
| #define PACKAGE "harminv"
| #define VERSION "1.4.1"
| #define F77_FUNC(name,NAME) name ## _
| #define F77_FUNC_(name,NAME) name ## _
| #define STDC_HEADERS 1
| #define HAVE_SYS_TYPES_H 1
| #define HAVE_SYS_STAT_H 1
| #define HAVE_STDLIB_H 1
| #define HAVE_STRING_H 1
| #define HAVE_MEMORY_H 1
| #define HAVE_STRINGS_H 1
| #define HAVE_INTTYPES_H 1
| #define HAVE_STDINT_H 1
| #define HAVE_UNISTD_H 1
| #define HAVE_UNISTD_H 1
| #define HAVE_GETOPT_H 1
| #define HAVE_COMPLEX_H 1
| #define CX_LIMITED_RANGE_ON 0
| #define HAVE_LONG_DOUBLE 1
| #define HAVE_DLFCN_H 1
| #define LT_OBJDIR ".libs/"
| /* end confdefs.h.  */
| #include <ac_nonexistent.h>
configure:14263: result: g++ -E
configure:14283: g++ -E  conftest.cpp
configure:14283: $? = 0
configure:14297: g++ -E  conftest.cpp
conftest.cpp:30:10: fatal error: ac_nonexistent.h: No such file or directory
 #include <ac_nonexistent.h>
          ^~~~~~~~~~~~~~~~~~
compilation terminated.
configure:14297: $? = 1
configure: failed program was:
| /* confdefs.h */
| #define PACKAGE_NAME "harminv"
| #define PACKAGE_TARNAME "harminv"
| #define PACKAGE_VERSION "1.4.1"
| #define PACKAGE_STRING "harminv 1.4.1"
| #define PACKAGE_BUGREPORT "stevenj@alum.mit.edu"
| #define PACKAGE_URL ""
| #define PACKAGE "harminv"
| #define VERSION "1.4.1"
| #define F77_FUNC(name,NAME) name ## _
| #define F77_FUNC_(name,NAME) name ## _
| #define STDC_HEADERS 1
| #define HAVE_SYS_TYPES_H 1
| #define HAVE_SYS_STAT_H 1
| #define HAVE_STDLIB_H 1
| #define HAVE_STRING_H 1
| #define HAVE_MEMORY_H 1
| #define HAVE_STRINGS_H 1
| #define HAVE_INTTYPES_H 1
| #define HAVE_STDINT_H 1
| #define HAVE_UNISTD_H 1
| #define HAVE_UNISTD_H 1
| #define HAVE_GETOPT_H 1
| #define HAVE_COMPLEX_H 1
| #define CX_LIMITED_RANGE_ON 0
| #define HAVE_LONG_DOUBLE 1
| #define HAVE_DLFCN_H 1
| #define LT_OBJDIR ".libs/"
| /* end confdefs.h.  */
| #include <ac_nonexistent.h>
configure:14459: checking for ld used by g++
configure:14526: result: /usr/bin/ld -m elf_x86_64
configure:14533: checking if the linker (/usr/bin/ld -m elf_x86_64) is GNU ld
configure:14548: result: yes
configure:14603: checking whether the g++ linker (/usr/bin/ld -m elf_x86_64) supports shared libraries
configure:15692: result: yes
configure:15728: g++ -c -g -O2  conftest.cpp >&5
configure:15731: $? = 0
configure:16212: checking for g++ option to produce PIC
configure:16219: result: -fPIC -DPIC
configure:16227: checking if g++ PIC flag -fPIC -DPIC works
configure:16245: g++ -c -g -O2  -fPIC -DPIC -DPIC conftest.cpp >&5
configure:16249: $? = 0
configure:16262: result: yes
configure:16285: checking if g++ static flag -static works
configure:16313: result: yes
configure:16325: checking if g++ supports -c -o file.o
configure:16346: g++ -c -g -O2  -o out/conftest2.o conftest.cpp >&5
configure:16350: $? = 0
configure:16372: result: yes
configure:16377: checking if g++ supports -c -o file.o
configure:16424: result: yes
configure:16454: checking whether the g++ linker (/usr/bin/ld -m elf_x86_64) supports shared libraries
configure:16494: result: yes
configure:16635: checking dynamic linker characteristics
configure:17388: result: GNU/Linux ld.so
configure:17453: checking how to hardcode library paths into programs
configure:17478: result: immediate
configure:17619: checking if libtool supports shared libraries
configure:17621: result: yes
configure:17624: checking whether to build shared libraries
configure:17648: result: no
configure:17651: checking whether to build static libraries
configure:17655: result: yes
configure:18007: checking for f77 option to produce PIC
configure:18014: result: -fPIC
configure:18022: checking if f77 PIC flag -fPIC works
configure:18040: f77 -c -g -O2 -fPIC conftest.f >&5
configure:18044: $? = 0
configure:18057: result: yes
configure:18080: checking if f77 static flag -static works
configure:18108: result: yes
configure:18120: checking if f77 supports -c -o file.o
configure:18141: f77 -c -g -O2 -o out/conftest2.o conftest.f >&5
configure:18145: $? = 0
configure:18167: result: yes
configure:18172: checking if f77 supports -c -o file.o
configure:18219: result: yes
configure:18249: checking whether the f77 linker (/usr/bin/ld -m elf_x86_64) supports shared libraries
configure:19458: result: yes
configure:19599: checking dynamic linker characteristics
configure:20338: result: GNU/Linux ld.so
configure:20403: checking how to hardcode library paths into programs
configure:20428: result: immediate
configure:20482: checking for sqrt in -lm
configure:20515: gcc -o conftest -g -O2   conftest.c -lm   >&5
conftest.c:37:6: warning: conflicting types for built-in function 'sqrt' [-Wbuiltin-declaration-mismatch]
 char sqrt ();
      ^~~~
configure:20515: $? = 0
configure:20524: result: yes
configure:20650: checking if sgemm_ is being linked in already
configure:20678: gcc -o conftest -g -O2   conftest.c -lm   -L/usr/lib/gcc/x86_64-linux-gnu/7 -L/usr/lib/gcc/x86_64-linux-gnu/7/../../../x86_64-linux-gnu -L/usr/lib/gcc/x86_64-linux-gnu/7/../../../../lib -L/lib/x86_64-linux-gnu -L/lib/../lib -L/usr/lib/x86_64-linux-gnu -L/usr/lib/../lib -L/usr/lib/gcc/x86_64-linux-gnu/7/../../.. -lgfortran -lm -lquadmath >&5
/tmp/ccUKaHmh.o: In function `main':
/home/ldg/2nd_paper/harminv-1.4.1/conftest.c:50: undefined reference to `sgemm_'
collect2: error: ld returned 1 exit status
configure:20678: $? = 1
configure: failed program was:
| /* confdefs.h */
| #define PACKAGE_NAME "harminv"
| #define PACKAGE_TARNAME "harminv"
| #define PACKAGE_VERSION "1.4.1"
| #define PACKAGE_STRING "harminv 1.4.1"
| #define PACKAGE_BUGREPORT "stevenj@alum.mit.edu"
| #define PACKAGE_URL ""
| #define PACKAGE "harminv"
| #define VERSION "1.4.1"
| #define F77_FUNC(name,NAME) name ## _
| #define F77_FUNC_(name,NAME) name ## _
| #define STDC_HEADERS 1
| #define HAVE_SYS_TYPES_H 1
| #define HAVE_SYS_STAT_H 1
| #define HAVE_STDLIB_H 1
| #define HAVE_STRING_H 1
| #define HAVE_MEMORY_H 1
| #define HAVE_STRINGS_H 1
| #define HAVE_INTTYPES_H 1
| #define HAVE_STDINT_H 1
| #define HAVE_UNISTD_H 1
| #define HAVE_UNISTD_H 1
| #define HAVE_GETOPT_H 1
| #define HAVE_COMPLEX_H 1
| #define CX_LIMITED_RANGE_ON 0
| #define HAVE_LONG_DOUBLE 1
| #define HAVE_DLFCN_H 1
| #define LT_OBJDIR ".libs/"
| #define HAVE_LIBM 1
| /* end confdefs.h.  */
| 
| /* Override any GCC internal prototype to avoid an error.
|    Use char because int might match the return type of a GCC
|    builtin and then its argument prototype would still apply.  */
| #ifdef __cplusplus
| extern "C"
| #endif
| char sgemm_ ();
| #ifdef F77_DUMMY_MAIN
| 
| #  ifdef __cplusplus
|      extern "C"
| #  endif
|    int F77_DUMMY_MAIN() { return 1; }
| 
| #endif
| int
| main ()
| {
| return sgemm_ ();
|   ;
|   return 0;
| }
configure:20683: result: no
configure:20691: checking for sgemm_ in -lopenblas
configure:20724: gcc -o conftest -g -O2   conftest.c -lopenblas  -lm   -L/usr/lib/gcc/x86_64-linux-gnu/7 -L/usr/lib/gcc/x86_64-linux-gnu/7/../../../x86_64-linux-gnu -L/usr/lib/gcc/x86_64-linux-gnu/7/../../../../lib -L/lib/x86_64-linux-gnu -L/lib/../lib -L/usr/lib/x86_64-linux-gnu -L/usr/lib/../lib -L/usr/lib/gcc/x86_64-linux-gnu/7/../../.. -lgfortran -lm -lquadmath >&5
/usr/bin/ld: cannot find -lopenblas
collect2: error: ld returned 1 exit status
configure:20724: $? = 1
configure: failed program was:
| /* confdefs.h */
| #define PACKAGE_NAME "harminv"
| #define PACKAGE_TARNAME "harminv"
| #define PACKAGE_VERSION "1.4.1"
| #define PACKAGE_STRING "harminv 1.4.1"
| #define PACKAGE_BUGREPORT "stevenj@alum.mit.edu"
| #define PACKAGE_URL ""
| #define PACKAGE "harminv"
| #define VERSION "1.4.1"
| #define F77_FUNC(name,NAME) name ## _
| #define F77_FUNC_(name,NAME) name ## _
| #define STDC_HEADERS 1
| #define HAVE_SYS_TYPES_H 1
| #define HAVE_SYS_STAT_H 1
| #define HAVE_STDLIB_H 1
| #define HAVE_STRING_H 1
| #define HAVE_MEMORY_H 1
| #define HAVE_STRINGS_H 1
| #define HAVE_INTTYPES_H 1
| #define HAVE_STDINT_H 1
| #define HAVE_UNISTD_H 1
| #define HAVE_UNISTD_H 1
| #define HAVE_GETOPT_H 1
| #define HAVE_COMPLEX_H 1
| #define CX_LIMITED_RANGE_ON 0
| #define HAVE_LONG_DOUBLE 1
| #define HAVE_DLFCN_H 1
| #define LT_OBJDIR ".libs/"
| #define HAVE_LIBM 1
| /* end confdefs.h.  */
| 
| /* Override any GCC internal prototype to avoid an error.
|    Use char because int might match the return type of a GCC
|    builtin and then its argument prototype would still apply.  */
| #ifdef __cplusplus
| extern "C"
| #endif
| char sgemm_ ();
| #ifdef F77_DUMMY_MAIN
| 
| #  ifdef __cplusplus
|      extern "C"
| #  endif
|    int F77_DUMMY_MAIN() { return 1; }
| 
| #endif
| int
| main ()
| {
| return sgemm_ ();
|   ;
|   return 0;
| }
configure:20734: result: no
configure:20745: checking for ATL_xerbla in -latlas
configure:20778: gcc -o conftest -g -O2   conftest.c -latlas  -lm   -L/usr/lib/gcc/x86_64-linux-gnu/7 -L/usr/lib/gcc/x86_64-linux-gnu/7/../../../x86_64-linux-gnu -L/usr/lib/gcc/x86_64-linux-gnu/7/../../../../lib -L/lib/x86_64-linux-gnu -L/lib/../lib -L/usr/lib/x86_64-linux-gnu -L/usr/lib/../lib -L/usr/lib/gcc/x86_64-linux-gnu/7/../../.. -lgfortran -lm -lquadmath >&5
/usr/bin/ld: cannot find -latlas
collect2: error: ld returned 1 exit status
configure:20778: $? = 1
configure: failed program was:
| /* confdefs.h */
| #define PACKAGE_NAME "harminv"
| #define PACKAGE_TARNAME "harminv"
| #define PACKAGE_VERSION "1.4.1"
| #define PACKAGE_STRING "harminv 1.4.1"
| #define PACKAGE_BUGREPORT "stevenj@alum.mit.edu"
| #define PACKAGE_URL ""
| #define PACKAGE "harminv"
| #define VERSION "1.4.1"
| #define F77_FUNC(name,NAME) name ## _
| #define F77_FUNC_(name,NAME) name ## _
| #define STDC_HEADERS 1
| #define HAVE_SYS_TYPES_H 1
| #define HAVE_SYS_STAT_H 1
| #define HAVE_STDLIB_H 1
| #define HAVE_STRING_H 1
| #define HAVE_MEMORY_H 1
| #define HAVE_STRINGS_H 1
| #define HAVE_INTTYPES_H 1
| #define HAVE_STDINT_H 1
| #define HAVE_UNISTD_H 1
| #define HAVE_UNISTD_H 1
| #define HAVE_GETOPT_H 1
| #define HAVE_COMPLEX_H 1
| #define CX_LIMITED_RANGE_ON 0
| #define HAVE_LONG_DOUBLE 1
| #define HAVE_DLFCN_H 1
| #define LT_OBJDIR ".libs/"
| #define HAVE_LIBM 1
| /* end confdefs.h.  */
| 
| /* Override any GCC internal prototype to avoid an error.
|    Use char because int might match the return type of a GCC
|    builtin and then its argument prototype would still apply.  */
| #ifdef __cplusplus
| extern "C"
| #endif
| char ATL_xerbla ();
| #ifdef F77_DUMMY_MAIN
| 
| #  ifdef __cplusplus
|      extern "C"
| #  endif
|    int F77_DUMMY_MAIN() { return 1; }
| 
| #endif
| int
| main ()
| {
| return ATL_xerbla ();
|   ;
|   return 0;
| }
configure:20787: result: no
configure:20895: checking for sgemm_ in -lblas
configure:20928: gcc -o conftest -g -O2   conftest.c -lblas  -lm   -L/usr/lib/gcc/x86_64-linux-gnu/7 -L/usr/lib/gcc/x86_64-linux-gnu/7/../../../x86_64-linux-gnu -L/usr/lib/gcc/x86_64-linux-gnu/7/../../../../lib -L/lib/x86_64-linux-gnu -L/lib/../lib -L/usr/lib/x86_64-linux-gnu -L/usr/lib/../lib -L/usr/lib/gcc/x86_64-linux-gnu/7/../../.. -lgfortran -lm -lquadmath >&5
configure:20928: $? = 0
configure:20938: result: yes
configure:20942: checking for dgemm_ in -ldgemm
configure:20975: gcc -o conftest -g -O2   conftest.c -ldgemm -lblas -lm   -L/usr/lib/gcc/x86_64-linux-gnu/7 -L/usr/lib/gcc/x86_64-linux-gnu/7/../../../x86_64-linux-gnu -L/usr/lib/gcc/x86_64-linux-gnu/7/../../../../lib -L/lib/x86_64-linux-gnu -L/lib/../lib -L/usr/lib/x86_64-linux-gnu -L/usr/lib/../lib -L/usr/lib/gcc/x86_64-linux-gnu/7/../../.. -lgfortran -lm -lquadmath >&5
/usr/bin/ld: cannot find -ldgemm
collect2: error: ld returned 1 exit status
configure:20975: $? = 1
configure: failed program was:
| /* confdefs.h */
| #define PACKAGE_NAME "harminv"
| #define PACKAGE_TARNAME "harminv"
| #define PACKAGE_VERSION "1.4.1"
| #define PACKAGE_STRING "harminv 1.4.1"
| #define PACKAGE_BUGREPORT "stevenj@alum.mit.edu"
| #define PACKAGE_URL ""
| #define PACKAGE "harminv"
| #define VERSION "1.4.1"
| #define F77_FUNC(name,NAME) name ## _
| #define F77_FUNC_(name,NAME) name ## _
| #define STDC_HEADERS 1
| #define HAVE_SYS_TYPES_H 1
| #define HAVE_SYS_STAT_H 1
| #define HAVE_STDLIB_H 1
| #define HAVE_STRING_H 1
| #define HAVE_MEMORY_H 1
| #define HAVE_STRINGS_H 1
| #define HAVE_INTTYPES_H 1
| #define HAVE_STDINT_H 1
| #define HAVE_UNISTD_H 1
| #define HAVE_UNISTD_H 1
| #define HAVE_GETOPT_H 1
| #define HAVE_COMPLEX_H 1
| #define CX_LIMITED_RANGE_ON 0
| #define HAVE_LONG_DOUBLE 1
| #define HAVE_DLFCN_H 1
| #define LT_OBJDIR ".libs/"
| #define HAVE_LIBM 1
| /* end confdefs.h.  */
| 
| /* Override any GCC internal prototype to avoid an error.
|    Use char because int might match the return type of a GCC
|    builtin and then its argument prototype would still apply.  */
| #ifdef __cplusplus
| extern "C"
| #endif
| char dgemm_ ();
| #ifdef F77_DUMMY_MAIN
| 
| #  ifdef __cplusplus
|      extern "C"
| #  endif
|    int F77_DUMMY_MAIN() { return 1; }
| 
| #endif
| int
| main ()
| {
| return dgemm_ ();
|   ;
|   return 0;
| }
configure:20985: result: no
configure:21158: checking for sgemm_ in -lmkl_intel_lp64
configure:21191: gcc -o conftest -g -O2   conftest.c -lmkl_intel_lp64 -lmkl_intel_lp64 -lmkl_sequential -lmkl_core -lpthread -lm   -L/usr/lib/gcc/x86_64-linux-gnu/7 -L/usr/lib/gcc/x86_64-linux-gnu/7/../../../x86_64-linux-gnu -L/usr/lib/gcc/x86_64-linux-gnu/7/../../../../lib -L/lib/x86_64-linux-gnu -L/lib/../lib -L/usr/lib/x86_64-linux-gnu -L/usr/lib/../lib -L/usr/lib/gcc/x86_64-linux-gnu/7/../../.. -lgfortran -lm -lquadmath >&5
/usr/bin/ld: cannot find -lmkl_intel_lp64
/usr/bin/ld: cannot find -lmkl_intel_lp64
/usr/bin/ld: cannot find -lmkl_sequential
/usr/bin/ld: cannot find -lmkl_core
collect2: error: ld returned 1 exit status
configure:21191: $? = 1
configure: failed program was:
| /* confdefs.h */
| #define PACKAGE_NAME "harminv"
| #define PACKAGE_TARNAME "harminv"
| #define PACKAGE_VERSION "1.4.1"
| #define PACKAGE_STRING "harminv 1.4.1"
| #define PACKAGE_BUGREPORT "stevenj@alum.mit.edu"
| #define PACKAGE_URL ""
| #define PACKAGE "harminv"
| #define VERSION "1.4.1"
| #define F77_FUNC(name,NAME) name ## _
| #define F77_FUNC_(name,NAME) name ## _
| #define STDC_HEADERS 1
| #define HAVE_SYS_TYPES_H 1
| #define HAVE_SYS_STAT_H 1
| #define HAVE_STDLIB_H 1
| #define HAVE_STRING_H 1
| #define HAVE_MEMORY_H 1
| #define HAVE_STRINGS_H 1
| #define HAVE_INTTYPES_H 1
| #define HAVE_STDINT_H 1
| #define HAVE_UNISTD_H 1
| #define HAVE_UNISTD_H 1
| #define HAVE_GETOPT_H 1
| #define HAVE_COMPLEX_H 1
| #define CX_LIMITED_RANGE_ON 0
| #define HAVE_LONG_DOUBLE 1
| #define HAVE_DLFCN_H 1
| #define LT_OBJDIR ".libs/"
| #define HAVE_LIBM 1
| /* end confdefs.h.  */
| 
| /* Override any GCC internal prototype to avoid an error.
|    Use char because int might match the return type of a GCC
|    builtin and then its argument prototype would still apply.  */
| #ifdef __cplusplus
| extern "C"
| #endif
| char sgemm_ ();
| #ifdef F77_DUMMY_MAIN
| 
| #  ifdef __cplusplus
|      extern "C"
| #  endif
|    int F77_DUMMY_MAIN() { return 1; }
| 
| #endif
| int
| main ()
| {
| return sgemm_ ();
|   ;
|   return 0;
| }
configure:21201: result: no
configure:21265: checking for sgemm_ in -lmkl
configure:21298: gcc -o conftest -g -O2   conftest.c -lmkl -lguide -lpthread -lm   -L/usr/lib/gcc/x86_64-linux-gnu/7 -L/usr/lib/gcc/x86_64-linux-gnu/7/../../../x86_64-linux-gnu -L/usr/lib/gcc/x86_64-linux-gnu/7/../../../../lib -L/lib/x86_64-linux-gnu -L/lib/../lib -L/usr/lib/x86_64-linux-gnu -L/usr/lib/../lib -L/usr/lib/gcc/x86_64-linux-gnu/7/../../.. -lgfortran -lm -lquadmath >&5
/usr/bin/ld: cannot find -lmkl
/usr/bin/ld: cannot find -lguide
collect2: error: ld returned 1 exit status
configure:21298: $? = 1
configure: failed program was:
| /* confdefs.h */
| #define PACKAGE_NAME "harminv"
| #define PACKAGE_TARNAME "harminv"
| #define PACKAGE_VERSION "1.4.1"
| #define PACKAGE_STRING "harminv 1.4.1"
| #define PACKAGE_BUGREPORT "stevenj@alum.mit.edu"
| #define PACKAGE_URL ""
| #define PACKAGE "harminv"
| #define VERSION "1.4.1"
| #define F77_FUNC(name,NAME) name ## _
| #define F77_FUNC_(name,NAME) name ## _
| #define STDC_HEADERS 1
| #define HAVE_SYS_TYPES_H 1
| #define HAVE_SYS_STAT_H 1
| #define HAVE_STDLIB_H 1
| #define HAVE_STRING_H 1
| #define HAVE_MEMORY_H 1
| #define HAVE_STRINGS_H 1
| #define HAVE_INTTYPES_H 1
| #define HAVE_STDINT_H 1
| #define HAVE_UNISTD_H 1
| #define HAVE_UNISTD_H 1
| #define HAVE_GETOPT_H 1
| #define HAVE_COMPLEX_H 1
| #define CX_LIMITED_RANGE_ON 0
| #define HAVE_LONG_DOUBLE 1
| #define HAVE_DLFCN_H 1
| #define LT_OBJDIR ".libs/"
| #define HAVE_LIBM 1
| /* end confdefs.h.  */
| 
| /* Override any GCC internal prototype to avoid an error.
|    Use char because int might match the return type of a GCC
|    builtin and then its argument prototype would still apply.  */
| #ifdef __cplusplus
| extern "C"
| #endif
| char sgemm_ ();
| #ifdef F77_DUMMY_MAIN
| 
| #  ifdef __cplusplus
|      extern "C"
| #  endif
|    int F77_DUMMY_MAIN() { return 1; }
| 
| #endif
| int
| main ()
| {
| return sgemm_ ();
|   ;
|   return 0;
| }
configure:21308: result: no
configure:21319: checking for sgemm_ in -framework vecLib
configure:21347: gcc -o conftest -g -O2   conftest.c -framework vecLib -lm   -L/usr/lib/gcc/x86_64-linux-gnu/7 -L/usr/lib/gcc/x86_64-linux-gnu/7/../../../x86_64-linux-gnu -L/usr/lib/gcc/x86_64-linux-gnu/7/../../../../lib -L/lib/x86_64-linux-gnu -L/lib/../lib -L/usr/lib/x86_64-linux-gnu -L/usr/lib/../lib -L/usr/lib/gcc/x86_64-linux-gnu/7/../../.. -lgfortran -lm -lquadmath >&5
gcc: error: vecLib: No such file or directory
gcc: error: unrecognized command line option '-framework'
configure:21347: $? = 1
configure: failed program was:
| /* confdefs.h */
| #define PACKAGE_NAME "harminv"
| #define PACKAGE_TARNAME "harminv"
| #define PACKAGE_VERSION "1.4.1"
| #define PACKAGE_STRING "harminv 1.4.1"
| #define PACKAGE_BUGREPORT "stevenj@alum.mit.edu"
| #define PACKAGE_URL ""
| #define PACKAGE "harminv"
| #define VERSION "1.4.1"
| #define F77_FUNC(name,NAME) name ## _
| #define F77_FUNC_(name,NAME) name ## _
| #define STDC_HEADERS 1
| #define HAVE_SYS_TYPES_H 1
| #define HAVE_SYS_STAT_H 1
| #define HAVE_STDLIB_H 1
| #define HAVE_STRING_H 1
| #define HAVE_MEMORY_H 1
| #define HAVE_STRINGS_H 1
| #define HAVE_INTTYPES_H 1
| #define HAVE_STDINT_H 1
| #define HAVE_UNISTD_H 1
| #define HAVE_UNISTD_H 1
| #define HAVE_GETOPT_H 1
| #define HAVE_COMPLEX_H 1
| #define CX_LIMITED_RANGE_ON 0
| #define HAVE_LONG_DOUBLE 1
| #define HAVE_DLFCN_H 1
| #define LT_OBJDIR ".libs/"
| #define HAVE_LIBM 1
| /* end confdefs.h.  */
| 
| /* Override any GCC internal prototype to avoid an error.
|    Use char because int might match the return type of a GCC
|    builtin and then its argument prototype would still apply.  */
| #ifdef __cplusplus
| extern "C"
| #endif
| char sgemm_ ();
| #ifdef F77_DUMMY_MAIN
| 
| #  ifdef __cplusplus
|      extern "C"
| #  endif
|    int F77_DUMMY_MAIN() { return 1; }
| 
| #endif
| int
| main ()
| {
| return sgemm_ ();
|   ;
|   return 0;
| }
configure:21352: result: no
configure:21360: checking for sgemm_ in -lcxml
configure:21393: gcc -o conftest -g -O2   conftest.c -lcxml  -lm   -L/usr/lib/gcc/x86_64-linux-gnu/7 -L/usr/lib/gcc/x86_64-linux-gnu/7/../../../x86_64-linux-gnu -L/usr/lib/gcc/x86_64-linux-gnu/7/../../../../lib -L/lib/x86_64-linux-gnu -L/lib/../lib -L/usr/lib/x86_64-linux-gnu -L/usr/lib/../lib -L/usr/lib/gcc/x86_64-linux-gnu/7/../../.. -lgfortran -lm -lquadmath >&5
/usr/bin/ld: cannot find -lcxml
collect2: error: ld returned 1 exit status
configure:21393: $? = 1
configure: failed program was:
| /* confdefs.h */
| #define PACKAGE_NAME "harminv"
| #define PACKAGE_TARNAME "harminv"
| #define PACKAGE_VERSION "1.4.1"
| #define PACKAGE_STRING "harminv 1.4.1"
| #define PACKAGE_BUGREPORT "stevenj@alum.mit.edu"
| #define PACKAGE_URL ""
| #define PACKAGE "harminv"
| #define VERSION "1.4.1"
| #define F77_FUNC(name,NAME) name ## _
| #define F77_FUNC_(name,NAME) name ## _
| #define STDC_HEADERS 1
| #define HAVE_SYS_TYPES_H 1
| #define HAVE_SYS_STAT_H 1
| #define HAVE_STDLIB_H 1
| #define HAVE_STRING_H 1
| #define HAVE_MEMORY_H 1
| #define HAVE_STRINGS_H 1
| #define HAVE_INTTYPES_H 1
| #define HAVE_STDINT_H 1
| #define HAVE_UNISTD_H 1
| #define HAVE_UNISTD_H 1
| #define HAVE_GETOPT_H 1
| #define HAVE_COMPLEX_H 1
| #define CX_LIMITED_RANGE_ON 0
| #define HAVE_LONG_DOUBLE 1
| #define HAVE_DLFCN_H 1
| #define LT_OBJDIR ".libs/"
| #define HAVE_LIBM 1
| /* end confdefs.h.  */
| 
| /* Override any GCC internal prototype to avoid an error.
|    Use char because int might match the return type of a GCC
|    builtin and then its argument prototype would still apply.  */
| #ifdef __cplusplus
| extern "C"
| #endif
| char sgemm_ ();
| #ifdef F77_DUMMY_MAIN
| 
| #  ifdef __cplusplus
|      extern "C"
| #  endif
|    int F77_DUMMY_MAIN() { return 1; }
| 
| #endif
| int
| main ()
| {
| return sgemm_ ();
|   ;
|   return 0;
| }
configure:21403: result: no
configure:21414: checking for sgemm_ in -ldxml
configure:21447: gcc -o conftest -g -O2   conftest.c -ldxml  -lm   -L/usr/lib/gcc/x86_64-linux-gnu/7 -L/usr/lib/gcc/x86_64-linux-gnu/7/../../../x86_64-linux-gnu -L/usr/lib/gcc/x86_64-linux-gnu/7/../../../../lib -L/lib/x86_64-linux-gnu -L/lib/../lib -L/usr/lib/x86_64-linux-gnu -L/usr/lib/../lib -L/usr/lib/gcc/x86_64-linux-gnu/7/../../.. -lgfortran -lm -lquadmath >&5
/usr/bin/ld: cannot find -ldxml
collect2: error: ld returned 1 exit status
configure:21447: $? = 1
configure: failed program was:
| /* confdefs.h */
| #define PACKAGE_NAME "harminv"
| #define PACKAGE_TARNAME "harminv"
| #define PACKAGE_VERSION "1.4.1"
| #define PACKAGE_STRING "harminv 1.4.1"
| #define PACKAGE_BUGREPORT "stevenj@alum.mit.edu"
| #define PACKAGE_URL ""
| #define PACKAGE "harminv"
| #define VERSION "1.4.1"
| #define F77_FUNC(name,NAME) name ## _
| #define F77_FUNC_(name,NAME) name ## _
| #define STDC_HEADERS 1
| #define HAVE_SYS_TYPES_H 1
| #define HAVE_SYS_STAT_H 1
| #define HAVE_STDLIB_H 1
| #define HAVE_STRING_H 1
| #define HAVE_MEMORY_H 1
| #define HAVE_STRINGS_H 1
| #define HAVE_INTTYPES_H 1
| #define HAVE_STDINT_H 1
| #define HAVE_UNISTD_H 1
| #define HAVE_UNISTD_H 1
| #define HAVE_GETOPT_H 1
| #define HAVE_COMPLEX_H 1
| #define CX_LIMITED_RANGE_ON 0
| #define HAVE_LONG_DOUBLE 1
| #define HAVE_DLFCN_H 1
| #define LT_OBJDIR ".libs/"
| #define HAVE_LIBM 1
| /* end confdefs.h.  */
| 
| /* Override any GCC internal prototype to avoid an error.
|    Use char because int might match the return type of a GCC
|    builtin and then its argument prototype would still apply.  */
| #ifdef __cplusplus
| extern "C"
| #endif
| char sgemm_ ();
| #ifdef F77_DUMMY_MAIN
| 
| #  ifdef __cplusplus
|      extern "C"
| #  endif
|    int F77_DUMMY_MAIN() { return 1; }
| 
| #endif
| int
| main ()
| {
| return sgemm_ ();
|   ;
|   return 0;
| }
configure:21457: result: no
configure:21572: checking for sgemm_ in -lscs
configure:21605: gcc -o conftest -g -O2   conftest.c -lscs  -lm   -L/usr/lib/gcc/x86_64-linux-gnu/7 -L/usr/lib/gcc/x86_64-linux-gnu/7/../../../x86_64-linux-gnu -L/usr/lib/gcc/x86_64-linux-gnu/7/../../../../lib -L/lib/x86_64-linux-gnu -L/lib/../lib -L/usr/lib/x86_64-linux-gnu -L/usr/lib/../lib -L/usr/lib/gcc/x86_64-linux-gnu/7/../../.. -lgfortran -lm -lquadmath >&5
/usr/bin/ld: cannot find -lscs
collect2: error: ld returned 1 exit status
configure:21605: $? = 1
configure: failed program was:
| /* confdefs.h */
| #define PACKAGE_NAME "harminv"
| #define PACKAGE_TARNAME "harminv"
| #define PACKAGE_VERSION "1.4.1"
| #define PACKAGE_STRING "harminv 1.4.1"
| #define PACKAGE_BUGREPORT "stevenj@alum.mit.edu"
| #define PACKAGE_URL ""
| #define PACKAGE "harminv"
| #define VERSION "1.4.1"
| #define F77_FUNC(name,NAME) name ## _
| #define F77_FUNC_(name,NAME) name ## _
| #define STDC_HEADERS 1
| #define HAVE_SYS_TYPES_H 1
| #define HAVE_SYS_STAT_H 1
| #define HAVE_STDLIB_H 1
| #define HAVE_STRING_H 1
| #define HAVE_MEMORY_H 1
| #define HAVE_STRINGS_H 1
| #define HAVE_INTTYPES_H 1
| #define HAVE_STDINT_H 1
| #define HAVE_UNISTD_H 1
| #define HAVE_UNISTD_H 1
| #define HAVE_GETOPT_H 1
| #define HAVE_COMPLEX_H 1
| #define CX_LIMITED_RANGE_ON 0
| #define HAVE_LONG_DOUBLE 1
| #define HAVE_DLFCN_H 1
| #define LT_OBJDIR ".libs/"
| #define HAVE_LIBM 1
| /* end confdefs.h.  */
| 
| /* Override any GCC internal prototype to avoid an error.
|    Use char because int might match the return type of a GCC
|    builtin and then its argument prototype would still apply.  */
| #ifdef __cplusplus
| extern "C"
| #endif
| char sgemm_ ();
| #ifdef F77_DUMMY_MAIN
| 
| #  ifdef __cplusplus
|      extern "C"
| #  endif
|    int F77_DUMMY_MAIN() { return 1; }
| 
| #endif
| int
| main ()
| {
| return sgemm_ ();
|   ;
|   return 0;
| }
configure:21615: result: no
configure:21626: checking for sgemm_ in -lcomplib.sgimath
configure:21659: gcc -o conftest -g -O2   conftest.c -lcomplib.sgimath  -lm   -L/usr/lib/gcc/x86_64-linux-gnu/7 -L/usr/lib/gcc/x86_64-linux-gnu/7/../../../x86_64-linux-gnu -L/usr/lib/gcc/x86_64-linux-gnu/7/../../../../lib -L/lib/x86_64-linux-gnu -L/lib/../lib -L/usr/lib/x86_64-linux-gnu -L/usr/lib/../lib -L/usr/lib/gcc/x86_64-linux-gnu/7/../../.. -lgfortran -lm -lquadmath >&5
/usr/bin/ld: cannot find -lcomplib.sgimath
collect2: error: ld returned 1 exit status
configure:21659: $? = 1
configure: failed program was:
| /* confdefs.h */
| #define PACKAGE_NAME "harminv"
| #define PACKAGE_TARNAME "harminv"
| #define PACKAGE_VERSION "1.4.1"
| #define PACKAGE_STRING "harminv 1.4.1"
| #define PACKAGE_BUGREPORT "stevenj@alum.mit.edu"
| #define PACKAGE_URL ""
| #define PACKAGE "harminv"
| #define VERSION "1.4.1"
| #define F77_FUNC(name,NAME) name ## _
| #define F77_FUNC_(name,NAME) name ## _
| #define STDC_HEADERS 1
| #define HAVE_SYS_TYPES_H 1
| #define HAVE_SYS_STAT_H 1
| #define HAVE_STDLIB_H 1
| #define HAVE_STRING_H 1
| #define HAVE_MEMORY_H 1
| #define HAVE_STRINGS_H 1
| #define HAVE_INTTYPES_H 1
| #define HAVE_STDINT_H 1
| #define HAVE_UNISTD_H 1
| #define HAVE_UNISTD_H 1
| #define HAVE_GETOPT_H 1
| #define HAVE_COMPLEX_H 1
| #define CX_LIMITED_RANGE_ON 0
| #define HAVE_LONG_DOUBLE 1
| #define HAVE_DLFCN_H 1
| #define LT_OBJDIR ".libs/"
| #define HAVE_LIBM 1
| /* end confdefs.h.  */
| 
| /* Override any GCC internal prototype to avoid an error.
|    Use char because int might match the return type of a GCC
|    builtin and then its argument prototype would still apply.  */
| #ifdef __cplusplus
| extern "C"
| #endif
| char sgemm_ ();
| #ifdef F77_DUMMY_MAIN
| 
| #  ifdef __cplusplus
|      extern "C"
| #  endif
|    int F77_DUMMY_MAIN() { return 1; }
| 
| #endif
| int
| main ()
| {
| return sgemm_ ();
|   ;
|   return 0;
| }
configure:21669: result: no
configure:21680: checking for sgemm_ in -lblas
configure:21723: result: yes
configure:21727: checking for sgemm_ in -lessl
configure:21760: gcc -o conftest -g -O2   conftest.c -lessl -lblas  -L/usr/lib/gcc/x86_64-linux-gnu/7 -L/usr/lib/gcc/x86_64-linux-gnu/7/../../../x86_64-linux-gnu -L/usr/lib/gcc/x86_64-linux-gnu/7/../../../../lib -L/lib/x86_64-linux-gnu -L/lib/../lib -L/usr/lib/x86_64-linux-gnu -L/usr/lib/../lib -L/usr/lib/gcc/x86_64-linux-gnu/7/../../.. -lgfortran -lm -lquadmath -lm   -L/usr/lib/gcc/x86_64-linux-gnu/7 -L/usr/lib/gcc/x86_64-linux-gnu/7/../../../x86_64-linux-gnu -L/usr/lib/gcc/x86_64-linux-gnu/7/../../../../lib -L/lib/x86_64-linux-gnu -L/lib/../lib -L/usr/lib/x86_64-linux-gnu -L/usr/lib/../lib -L/usr/lib/gcc/x86_64-linux-gnu/7/../../.. -lgfortran -lm -lquadmath >&5
/usr/bin/ld: cannot find -lessl
collect2: error: ld returned 1 exit status
configure:21760: $? = 1
configure: failed program was:
| /* confdefs.h */
| #define PACKAGE_NAME "harminv"
| #define PACKAGE_TARNAME "harminv"
| #define PACKAGE_VERSION "1.4.1"
| #define PACKAGE_STRING "harminv 1.4.1"
| #define PACKAGE_BUGREPORT "stevenj@alum.mit.edu"
| #define PACKAGE_URL ""
| #define PACKAGE "harminv"
| #define VERSION "1.4.1"
| #define F77_FUNC(name,NAME) name ## _
| #define F77_FUNC_(name,NAME) name ## _
| #define STDC_HEADERS 1
| #define HAVE_SYS_TYPES_H 1
| #define HAVE_SYS_STAT_H 1
| #define HAVE_STDLIB_H 1
| #define HAVE_STRING_H 1
| #define HAVE_MEMORY_H 1
| #define HAVE_STRINGS_H 1
| #define HAVE_INTTYPES_H 1
| #define HAVE_STDINT_H 1
| #define HAVE_UNISTD_H 1
| #define HAVE_UNISTD_H 1
| #define HAVE_GETOPT_H 1
| #define HAVE_COMPLEX_H 1
| #define CX_LIMITED_RANGE_ON 0
| #define HAVE_LONG_DOUBLE 1
| #define HAVE_DLFCN_H 1
| #define LT_OBJDIR ".libs/"
| #define HAVE_LIBM 1
| /* end confdefs.h.  */
| 
| /* Override any GCC internal prototype to avoid an error.
|    Use char because int might match the return type of a GCC
|    builtin and then its argument prototype would still apply.  */
| #ifdef __cplusplus
| extern "C"
| #endif
| char sgemm_ ();
| #ifdef F77_DUMMY_MAIN
| 
| #  ifdef __cplusplus
|      extern "C"
| #  endif
|    int F77_DUMMY_MAIN() { return 1; }
| 
| #endif
| int
| main ()
| {
| return sgemm_ ();
|   ;
|   return 0;
| }
configure:21770: result: no
configure:21783: checking for sgemm_ in -lblas
configure:21826: result: yes
configure:21943: checking for cheev_
configure:21943: gcc -o conftest -g -O2   conftest.c -lm  -lblas  -L/usr/lib/gcc/x86_64-linux-gnu/7 -L/usr/lib/gcc/x86_64-linux-gnu/7/../../../x86_64-linux-gnu -L/usr/lib/gcc/x86_64-linux-gnu/7/../../../../lib -L/lib/x86_64-linux-gnu -L/lib/../lib -L/usr/lib/x86_64-linux-gnu -L/usr/lib/../lib -L/usr/lib/gcc/x86_64-linux-gnu/7/../../.. -lgfortran -lm -lquadmath >&5
/tmp/ccbx76bB.o: In function `main':
/home/ldg/2nd_paper/harminv-1.4.1/conftest.c:74: undefined reference to `cheev_'
collect2: error: ld returned 1 exit status
configure:21943: $? = 1
configure: failed program was:
| /* confdefs.h */
| #define PACKAGE_NAME "harminv"
| #define PACKAGE_TARNAME "harminv"
| #define PACKAGE_VERSION "1.4.1"
| #define PACKAGE_STRING "harminv 1.4.1"
| #define PACKAGE_BUGREPORT "stevenj@alum.mit.edu"
| #define PACKAGE_URL ""
| #define PACKAGE "harminv"
| #define VERSION "1.4.1"
| #define F77_FUNC(name,NAME) name ## _
| #define F77_FUNC_(name,NAME) name ## _
| #define STDC_HEADERS 1
| #define HAVE_SYS_TYPES_H 1
| #define HAVE_SYS_STAT_H 1
| #define HAVE_STDLIB_H 1
| #define HAVE_STRING_H 1
| #define HAVE_MEMORY_H 1
| #define HAVE_STRINGS_H 1
| #define HAVE_INTTYPES_H 1
| #define HAVE_STDINT_H 1
| #define HAVE_UNISTD_H 1
| #define HAVE_UNISTD_H 1
| #define HAVE_GETOPT_H 1
| #define HAVE_COMPLEX_H 1
| #define CX_LIMITED_RANGE_ON 0
| #define HAVE_LONG_DOUBLE 1
| #define HAVE_DLFCN_H 1
| #define LT_OBJDIR ".libs/"
| #define HAVE_LIBM 1
| #define HAVE_BLAS 1
| /* end confdefs.h.  */
| /* Define cheev_ to an innocuous variant, in case <limits.h> declares cheev_.
|    For example, HP-UX 11i <limits.h> declares gettimeofday.  */
| #define cheev_ innocuous_cheev_
| 
| /* System header to define __stub macros and hopefully few prototypes,
|     which can conflict with char cheev_ (); below.
|     Prefer <limits.h> to <assert.h> if __STDC__ is defined, since
|     <limits.h> exists even on freestanding compilers.  */
| 
| #ifdef __STDC__
| # include <limits.h>
| #else
| # include <assert.h>
| #endif
| 
| #undef cheev_
| 
| /* Override any GCC internal prototype to avoid an error.
|    Use char because int might match the return type of a GCC
|    builtin and then its argument prototype would still apply.  */
| #ifdef __cplusplus
| extern "C"
| #endif
| char cheev_ ();
| /* The GNU C library defines this for functions which it implements
|     to always fail with ENOSYS.  Some functions are actually named
|     something starting with __ and the normal name is an alias.  */
| #if defined __stub_cheev_ || defined __stub___cheev_
| choke me
| #endif
| 
| #ifdef F77_DUMMY_MAIN
| 
| #  ifdef __cplusplus
|      extern "C"
| #  endif
|    int F77_DUMMY_MAIN() { return 1; }
| 
| #endif
| int
| main ()
| {
| return cheev_ ();
|   ;
|   return 0;
| }
configure:21943: result: no
configure:21956: checking for cheev_ in -llapack
configure:21989: gcc -o conftest -g -O2   conftest.c -llapack  -L/usr/lib/gcc/x86_64-linux-gnu/7 -L/usr/lib/gcc/x86_64-linux-gnu/7/../../../x86_64-linux-gnu -L/usr/lib/gcc/x86_64-linux-gnu/7/../../../../lib -L/lib/x86_64-linux-gnu -L/lib/../lib -L/usr/lib/x86_64-linux-gnu -L/usr/lib/../lib -L/usr/lib/gcc/x86_64-linux-gnu/7/../../.. -lgfortran -lm -lquadmath -lblas -lm  >&5
configure:21989: $? = 0
configure:21999: result: yes
configure:22137: checking that generated files are newer than configure
configure:22143: result: done
configure:22174: creating ./config.status

## ---------------------- ##
## Running config.status. ##
## ---------------------- ##

This file was extended by harminv config.status 1.4.1, which was
generated by GNU Autoconf 2.69.  Invocation command line was

  CONFIG_FILES    = 
  CONFIG_HEADERS  = 
  CONFIG_LINKS    = 
  CONFIG_COMMANDS = 
  $ ./config.status 

on y201

config.status:1226: creating Makefile
config.status:1226: creating harminv.pc
config.status:1226: creating config.h
config.status:1407: config.h is unchanged
config.status:1455: executing depfiles commands
config.status:1455: executing libtool commands

## ---------------- ##
## Cache variables. ##
## ---------------- ##

ac_cv_build=x86_64-unknown-linux-gnu
ac_cv_c_compiler_gnu=yes
ac_cv_cxx_compiler_gnu=yes
ac_cv_env_CCC_set=
ac_cv_env_CCC_value=
ac_cv_env_CC_set=
ac_cv_env_CC_value=
ac_cv_env_CFLAGS_set=
ac_cv_env_CFLAGS_value=
ac_cv_env_CPPFLAGS_set=
ac_cv_env_CPPFLAGS_value=
ac_cv_env_CPP_set=
ac_cv_env_CPP_value=
ac_cv_env_CXXCPP_set=
ac_cv_env_CXXCPP_value=
ac_cv_env_CXXFLAGS_set=
ac_cv_env_CXXFLAGS_value=
ac_cv_env_CXX_set=
ac_cv_env_CXX_value=
ac_cv_env_F77_set=
ac_cv_env_F77_value=
ac_cv_env_FFLAGS_set=
ac_cv_env_FFLAGS_value=
ac_cv_env_LDFLAGS_set=
ac_cv_env_LDFLAGS_value=
ac_cv_env_LIBS_set=
ac_cv_env_LIBS_value=
ac_cv_env_LT_SYS_LIBRARY_PATH_set=
ac_cv_env_LT_SYS_LIBRARY_PATH_value=
ac_cv_env_build_alias_set=
ac_cv_env_build_alias_value=
ac_cv_env_host_alias_set=
ac_cv_env_host_alias_value=
ac_cv_env_target_alias_set=
ac_cv_env_target_alias_value=
ac_cv_f77_compiler_gnu=yes
ac_cv_f77_dummy_main=none
ac_cv_f77_libs=' -L/usr/lib/gcc/x86_64-linux-gnu/7 -L/usr/lib/gcc/x86_64-linux-gnu/7/../../../x86_64-linux-gnu -L/usr/lib/gcc/x86_64-linux-gnu/7/../../../../lib -L/lib/x86_64-linux-gnu -L/lib/../lib -L/usr/lib/x86_64-linux-gnu -L/usr/lib/../lib -L/usr/lib/gcc/x86_64-linux-gnu/7/../../.. -lgfortran -lm -lquadmath'
ac_cv_f77_mangling='lower case, underscore, no extra underscore'
ac_cv_fortran_dummy_main=none
ac_cv_func_carg=no
ac_cv_func_cheev_=no
ac_cv_header_complex_h=yes
ac_cv_header_dlfcn_h=yes
ac_cv_header_getopt_h=yes
ac_cv_header_inttypes_h=yes
ac_cv_header_memory_h=yes
ac_cv_header_stdc=yes
ac_cv_header_stdint_h=yes
ac_cv_header_stdlib_h=yes
ac_cv_header_string_h=yes
ac_cv_header_strings_h=yes
ac_cv_header_sys_stat_h=yes
ac_cv_header_sys_types_h=yes
ac_cv_header_unistd_h=yes
ac_cv_host=x86_64-unknown-linux-gnu
ac_cv_lib_atlas_ATL_xerbla=no
ac_cv_lib_blas_sgemm_=yes
ac_cv_lib_complib_sgimath_sgemm_=no
ac_cv_lib_cxml_sgemm_=no
ac_cv_lib_dgemm_dgemm_=no
ac_cv_lib_dxml_sgemm_=no
ac_cv_lib_essl_sgemm_=no
ac_cv_lib_lapack___cheev_=yes
ac_cv_lib_m_sqrt=yes
ac_cv_lib_mkl_intel_lp64_sgemm_=no
ac_cv_lib_mkl_sgemm_=no
ac_cv_lib_openblas_sgemm_=no
ac_cv_lib_scs_sgemm_=no
ac_cv_objext=o
ac_cv_path_EGREP='/bin/grep -E'
ac_cv_path_FGREP='/bin/grep -F'
ac_cv_path_GREP=/bin/grep
ac_cv_path_SED=/bin/sed
ac_cv_path_install='/usr/bin/install -c'
ac_cv_path_lt_DD=/bin/dd
ac_cv_path_mkdir=/bin/mkdir
ac_cv_prog_AWK=gawk
ac_cv_prog_CPP='gcc -E'
ac_cv_prog_CXXCPP='g++ -E'
ac_cv_prog_ac_ct_AR=ar
ac_cv_prog_ac_ct_CC=gcc
ac_cv_prog_ac_ct_CXX=g++
ac_cv_prog_ac_ct_F77=f77
ac_cv_prog_ac_ct_MANIFEST_TOOL=mt
ac_cv_prog_ac_ct_OBJDUMP=objdump
ac_cv_prog_ac_ct_RANLIB=ranlib
ac_cv_prog_ac_ct_STRIP=strip
ac_cv_prog_cc_c89=
ac_cv_prog_cc_c99=
ac_cv_prog_cc_g=yes
ac_cv_prog_cxx_g=yes
ac_cv_prog_f77_g=yes
ac_cv_prog_f77_v=-v
ac_cv_prog_make_make_set=yes
ac_cv_type_long_double=yes
acx_cv_c_complex=complex
acx_cv_c_complex_I=I
acx_cv_c_cx_limited_range_on=no
am_cv_CC_dependencies_compiler_type=gcc3
am_cv_CXX_dependencies_compiler_type=gcc3
am_cv_make_support_nested_variables=yes
am_cv_prog_cc_c_o=yes
lt_cv_ar_at_file=@
lt_cv_deplibs_check_method=pass_all
lt_cv_file_magic_cmd='$MAGIC_CMD'
lt_cv_file_magic_test_file=
lt_cv_ld_reload_flag=-r
lt_cv_nm_interface='BSD nm'
lt_cv_objdir=.libs
lt_cv_path_LD=/usr/bin/ld
lt_cv_path_LDCXX='/usr/bin/ld -m elf_x86_64'
lt_cv_path_NM='/usr/bin/nm -B'
lt_cv_path_mainfest_tool=no
lt_cv_prog_compiler_c_o=yes
lt_cv_prog_compiler_c_o_CXX=yes
lt_cv_prog_compiler_c_o_F77=yes
lt_cv_prog_compiler_pic='-fPIC -DPIC'
lt_cv_prog_compiler_pic_CXX='-fPIC -DPIC'
lt_cv_prog_compiler_pic_F77=-fPIC
lt_cv_prog_compiler_pic_works=yes
lt_cv_prog_compiler_pic_works_CXX=yes
lt_cv_prog_compiler_pic_works_F77=yes
lt_cv_prog_compiler_rtti_exceptions=no
lt_cv_prog_compiler_static_works=yes
lt_cv_prog_compiler_static_works_CXX=yes
lt_cv_prog_compiler_static_works_F77=yes
lt_cv_prog_gnu_ld=yes
lt_cv_prog_gnu_ldcxx=yes
lt_cv_sharedlib_from_linklib_cmd='printf %s\n'
lt_cv_shlibpath_overrides_runpath=yes
lt_cv_sys_global_symbol_pipe='sed -n -e '\''s/^.*[	 ]\([ABCDGIRSTW][ABCDGIRSTW]*\)[	 ][	 ]*\([_A-Za-z][_A-Za-z0-9]*\)$/\1 \2 \2/p'\'' | sed '\''/ __gnu_lto/d'\'''
lt_cv_sys_global_symbol_to_c_name_address='sed -n -e '\''s/^: \(.*\) .*$/  {"\1", (void *) 0},/p'\'' -e '\''s/^[ABCDGIRSTW][ABCDGIRSTW]* .* \(.*\)$/  {"\1", (void *) \&\1},/p'\'''
lt_cv_sys_global_symbol_to_c_name_address_lib_prefix='sed -n -e '\''s/^: \(.*\) .*$/  {"\1", (void *) 0},/p'\'' -e '\''s/^[ABCDGIRSTW][ABCDGIRSTW]* .* \(lib.*\)$/  {"\1", (void *) \&\1},/p'\'' -e '\''s/^[ABCDGIRSTW][ABCDGIRSTW]* .* \(.*\)$/  {"lib\1", (void *) \&\1},/p'\'''
lt_cv_sys_global_symbol_to_cdecl='sed -n -e '\''s/^T .* \(.*\)$/extern int \1();/p'\'' -e '\''s/^[ABCDGIRSTW][ABCDGIRSTW]* .* \(.*\)$/extern char \1;/p'\'''
lt_cv_sys_global_symbol_to_import=
lt_cv_sys_max_cmd_len=1572864
lt_cv_to_host_file_cmd=func_convert_file_noop
lt_cv_to_tool_file_cmd=func_convert_file_noop
lt_cv_truncate_bin='/bin/dd bs=4096 count=1'

## ----------------- ##
## Output variables. ##
## ----------------- ##

ACLOCAL='${SHELL} /home/ldg/2nd_paper/harminv-1.4.1/missing aclocal-1.15'
AMDEPBACKSLASH='\'
AMDEP_FALSE='#'
AMDEP_TRUE=''
AMTAR='$${TAR-tar}'
AM_BACKSLASH='\'
AM_DEFAULT_V='$(AM_DEFAULT_VERBOSITY)'
AM_DEFAULT_VERBOSITY='0'
AM_V='$(V)'
AR='ar'
AUTOCONF='${SHELL} /home/ldg/2nd_paper/harminv-1.4.1/missing autoconf'
AUTOHEADER='${SHELL} /home/ldg/2nd_paper/harminv-1.4.1/missing autoheader'
AUTOMAKE='${SHELL} /home/ldg/2nd_paper/harminv-1.4.1/missing automake-1.15'
AWK='gawk'
BLAS_LIBS='-lblas'
CC='gcc'
CCDEPMODE='depmode=gcc3'
CFLAGS='-g -O2'
CPP='gcc -E'
CPPFLAGS=''
CXX='g++'
CXXCPP='g++ -E'
CXXDEPMODE='depmode=gcc3'
CXXFLAGS='-g -O2'
CYGPATH_W='echo'
DEFS='-DHAVE_CONFIG_H'
DEPDIR='.deps'
DLLTOOL='false'
DSYMUTIL=''
DUMPBIN=''
ECHO_C=''
ECHO_N='-n'
ECHO_T=''
EGREP='/bin/grep -E'
EXEEXT=''
F77='f77'
FFLAGS='-g -O2'
FGREP='/bin/grep -F'
FLIBS=' -L/usr/lib/gcc/x86_64-linux-gnu/7 -L/usr/lib/gcc/x86_64-linux-gnu/7/../../../x86_64-linux-gnu -L/usr/lib/gcc/x86_64-linux-gnu/7/../../../../lib -L/lib/x86_64-linux-gnu -L/lib/../lib -L/usr/lib/x86_64-linux-gnu -L/usr/lib/../lib -L/usr/lib/gcc/x86_64-linux-gnu/7/../../.. -lgfortran -lm -lquadmath'
GREP='/bin/grep'
INSTALL_DATA='${INSTALL} -m 644'
INSTALL_PROGRAM='${INSTALL}'
INSTALL_SCRIPT='${INSTALL}'
INSTALL_STRIP_PROGRAM='$(install_sh) -c -s'
LAPACK_LIBS='-llapack'
LD='/usr/bin/ld -m elf_x86_64'
LDFLAGS=''
LIBOBJS=''
LIBS='-llapack -lblas -lm   -L/usr/lib/gcc/x86_64-linux-gnu/7 -L/usr/lib/gcc/x86_64-linux-gnu/7/../../../x86_64-linux-gnu -L/usr/lib/gcc/x86_64-linux-gnu/7/../../../../lib -L/lib/x86_64-linux-gnu -L/lib/../lib -L/usr/lib/x86_64-linux-gnu -L/usr/lib/../lib -L/usr/lib/gcc/x86_64-linux-gnu/7/../../.. -lgfortran -lm -lquadmath'
LIBTOOL='$(SHELL) $(top_builddir)/libtool'
LIPO=''
LN_S='ln -s'
LTLIBOBJS=''
LT_SYS_LIBRARY_PATH=''
MAINT='#'
MAINTAINER_MODE_FALSE=''
MAINTAINER_MODE_TRUE='#'
MAKEINFO='${SHELL} /home/ldg/2nd_paper/harminv-1.4.1/missing makeinfo'
MANIFEST_TOOL=':'
MKDIR_P='/bin/mkdir -p'
NM='/usr/bin/nm -B'
NMEDIT=''
OBJDUMP='objdump'
OBJEXT='o'
OTOOL64=''
OTOOL=''
PACKAGE='harminv'
PACKAGE_BUGREPORT='stevenj@alum.mit.edu'
PACKAGE_NAME='harminv'
PACKAGE_STRING='harminv 1.4.1'
PACKAGE_TARNAME='harminv'
PACKAGE_URL=''
PACKAGE_VERSION='1.4.1'
PATH_SEPARATOR=':'
RANLIB='ranlib'
SED='/bin/sed'
SET_MAKE=''
SHARED_VERSION_INFO='3:0:0'
SHELL='/bin/bash'
STRIP='strip'
VERSION='1.4.1'
ac_ct_AR='ar'
ac_ct_CC='gcc'
ac_ct_CXX='g++'
ac_ct_DUMPBIN=''
ac_ct_F77='f77'
am__EXEEXT_FALSE=''
am__EXEEXT_TRUE='#'
am__fastdepCC_FALSE='#'
am__fastdepCC_TRUE=''
am__fastdepCXX_FALSE='#'
am__fastdepCXX_TRUE=''
am__include='include'
am__isrc=''
am__leading_dot='.'
am__nodep='_no'
am__quote=''
am__tar='$${TAR-tar} chof - "$$tardir"'
am__untar='$${TAR-tar} xf -'
bindir='${exec_prefix}/bin'
build='x86_64-unknown-linux-gnu'
build_alias=''
build_cpu='x86_64'
build_os='linux-gnu'
build_vendor='unknown'
datadir='${datarootdir}'
datarootdir='${prefix}/share'
docdir='${datarootdir}/doc/${PACKAGE_TARNAME}'
dvidir='${docdir}'
exec_prefix='${prefix}'
host='x86_64-unknown-linux-gnu'
host_alias=''
host_cpu='x86_64'
host_os='linux-gnu'
host_vendor='unknown'
htmldir='${docdir}'
includedir='${prefix}/include'
infodir='${datarootdir}/info'
install_sh='${SHELL} /home/ldg/2nd_paper/harminv-1.4.1/install-sh'
libdir='${exec_prefix}/lib'
libexecdir='${exec_prefix}/libexec'
localedir='${datarootdir}/locale'
localstatedir='${prefix}/var'
mandir='${datarootdir}/man'
mkdir_p='$(MKDIR_P)'
oldincludedir='/usr/include'
pdfdir='${docdir}'
prefix='/usr/local'
program_transform_name='s,x,x,'
psdir='${docdir}'
sbindir='${exec_prefix}/sbin'
sharedstatedir='${prefix}/com'
sysconfdir='${prefix}/etc'
target_alias=''

## ----------- ##
## confdefs.h. ##
## ----------- ##

/* confdefs.h */
#define PACKAGE_NAME "harminv"
#define PACKAGE_TARNAME "harminv"
#define PACKAGE_VERSION "1.4.1"
#define PACKAGE_STRING "harminv 1.4.1"
#define PACKAGE_BUGREPORT "stevenj@alum.mit.edu"
#define PACKAGE_URL ""
#define PACKAGE "harminv"
#define VERSION "1.4.1"
#define F77_FUNC(name,NAME) name ## _
#define F77_FUNC_(name,NAME) name ## _
#define STDC_HEADERS 1
#define HAVE_SYS_TYPES_H 1
#define HAVE_SYS_STAT_H 1
#define HAVE_STDLIB_H 1
#define HAVE_STRING_H 1
#define HAVE_MEMORY_H 1
#define HAVE_STRINGS_H 1
#define HAVE_INTTYPES_H 1
#define HAVE_STDINT_H 1
#define HAVE_UNISTD_H 1
#define HAVE_UNISTD_H 1
#define HAVE_GETOPT_H 1
#define HAVE_COMPLEX_H 1
#define CX_LIMITED_RANGE_ON 0
#define HAVE_LONG_DOUBLE 1
#define HAVE_DLFCN_H 1
#define LT_OBJDIR ".libs/"
#define HAVE_LIBM 1
#define HAVE_BLAS 1
#define HAVE_LAPACK 1

configure: exit 0
