VOLUME of the space: 2.68e-19
Size of the space: 1024 x 0512 x 0512
Number of grid points:  1024 x   128 x   128
Grid spacing: 1.001 nm, 4.031 nm, 4.031 nm

VOLUME of the space: 2.68e-19
Size of the space: 1024 x 0512 x 0512
Number of grid points:  1024 x   128 x   128
Grid spacing: 1.001 nm, 4.031 nm, 4.031 nm

VOLUME of the space: 2.68e-19
Size of the space: 1024 x 0512 x 0512
Number of grid points:  1024 x   128 x   128
Grid spacing: 1.001 nm, 4.031 nm, 4.031 nm

Gaussian center wavelength: 0.6400 um.
Gaussian wavelength discretized per: 1 nm.
Gaussian wave pick position at: 3000 Tstep.
Gaussian angular frequency spread: 0.080 * w0

Box size: x=0.1024 um, y=0.5120 um, z=0.5120 um
Box size: x=0.1024 um, y=0.5120 um, z=0.5120 um
rank  0: xloc of Sx collector >>> global "818,819" and local "818,819"
rank  0: xloc of Sx collector >>> global "818,819" and local "818,819"
rank  0: xloc of Sx collector >>> global "307,308" and local "307,308"

Save directory: ../graph/sqhole_2slab_SHPF/1024nm0512nm0512nm_1024_0128_0128_1000000/

Total time step: 1000000
Size of a total field array : 128.00 Mbytes

Simulation start: 2021-05-21 18:45:48.062350
runtime: 0:00:03.752718, step:       0, 00.00%, at 2021-05-21 18:45:51.815027.
runtime: 0:21:07.041377, step:   10000, 01.00%, at 2021-05-21 19:06:55.103686.
runtime: 0:42:09.974435, step:   20000, 02.00%, at 2021-05-21 19:27:58.036744.
runtime: 1:03:12.808260, step:   30000, 03.00%, at 2021-05-21 19:49:00.870569.
runtime: 1:24:15.687184, step:   40000, 04.00%, at 2021-05-21 20:10:03.749493.
runtime: 1:45:18.463755, step:   50000, 05.00%, at 2021-05-21 20:31:06.526064.
runtime: 2:06:21.313723, step:   60000, 06.00%, at 2021-05-21 20:52:09.376032.
runtime: 2:27:24.178890, step:   70000, 07.00%, at 2021-05-21 21:13:12.241199.
runtime: 2:48:26.972175, step:   80000, 08.00%, at 2021-05-21 21:34:15.034484.
runtime: 3:09:29.829640, step:   90000, 09.00%, at 2021-05-21 21:55:17.891949.
runtime: 3:30:32.700864, step:  100000, 10.00%, at 2021-05-21 22:16:20.763173.
runtime: 3:51:46.274276, step:  110000, 11.00%, at 2021-05-21 22:37:34.336585.
runtime: 4:12:49.661416, step:  120000, 12.00%, at 2021-05-21 22:58:37.723725.
runtime: 4:33:52.965913, step:  130000, 13.00%, at 2021-05-21 23:19:41.028222.
runtime: 4:54:56.262747, step:  140000, 14.00%, at 2021-05-21 23:40:44.325056.
runtime: 5:15:59.530376, step:  150000, 15.00%, at 2021-05-22 00:01:47.592685.
runtime: 5:37:02.743430, step:  160000, 16.00%, at 2021-05-22 00:22:50.805739.
runtime: 5:58:05.995756, step:  170000, 17.00%, at 2021-05-22 00:43:54.058065.
runtime: 6:19:09.307656, step:  180000, 18.00%, at 2021-05-22 01:04:57.369965.
runtime: 6:40:12.558328, step:  190000, 19.00%, at 2021-05-22 01:26:00.620637.
runtime: 7:01:15.795025, step:  200000, 20.00%, at 2021-05-22 01:47:03.857334.
runtime: 7:22:29.931983, step:  210000, 21.00%, at 2021-05-22 02:08:17.994292.
runtime: 7:43:33.170947, step:  220000, 22.00%, at 2021-05-22 02:29:21.233256.
runtime: 8:04:36.365789, step:  230000, 23.00%, at 2021-05-22 02:50:24.428098.
runtime: 8:25:39.618207, step:  240000, 24.00%, at 2021-05-22 03:11:27.680516.
runtime: 8:46:42.860278, step:  250000, 25.00%, at 2021-05-22 03:32:30.922587.
runtime: 9:07:46.097708, step:  260000, 26.00%, at 2021-05-22 03:53:34.160017.
runtime: 9:28:49.299384, step:  270000, 27.00%, at 2021-05-22 04:14:37.361693.
runtime: 9:49:52.554361, step:  280000, 28.00%, at 2021-05-22 04:35:40.616670.
runtime: 10:10:55.806726, step:  290000, 29.00%, at 2021-05-22 04:56:43.869035.
runtime: 10:31:59.025055, step:  300000, 30.00%, at 2021-05-22 05:17:47.087364.
runtime: 10:53:13.071555, step:  310000, 31.00%, at 2021-05-22 05:39:01.133864.
runtime: 11:14:16.307722, step:  320000, 32.00%, at 2021-05-22 06:00:04.370031.
runtime: 11:35:19.567048, step:  330000, 33.00%, at 2021-05-22 06:21:07.629357.
runtime: 11:56:22.848999, step:  340000, 34.00%, at 2021-05-22 06:42:10.911308.
runtime: 12:17:26.101094, step:  350000, 35.00%, at 2021-05-22 07:03:14.163403.
runtime: 12:38:29.309565, step:  360000, 36.00%, at 2021-05-22 07:24:17.371874.
runtime: 12:59:32.570017, step:  370000, 37.00%, at 2021-05-22 07:45:20.632326.
runtime: 13:20:35.843518, step:  380000, 38.00%, at 2021-05-22 08:06:23.905827.
runtime: 13:41:39.105616, step:  390000, 39.00%, at 2021-05-22 08:27:27.167925.
runtime: 14:02:42.384572, step:  400000, 40.00%, at 2021-05-22 08:48:30.446881.
runtime: 14:23:56.369102, step:  410000, 41.00%, at 2021-05-22 09:09:44.431411.
runtime: 14:44:59.591783, step:  420000, 42.00%, at 2021-05-22 09:30:47.654092.
runtime: 15:06:02.784623, step:  430000, 43.00%, at 2021-05-22 09:51:50.846932.
runtime: 15:27:06.023876, step:  440000, 44.00%, at 2021-05-22 10:12:54.086185.
runtime: 15:48:09.300006, step:  450000, 45.00%, at 2021-05-22 10:33:57.362315.
runtime: 16:09:12.530286, step:  460000, 46.00%, at 2021-05-22 10:55:00.592595.
runtime: 16:30:15.738167, step:  470000, 47.00%, at 2021-05-22 11:16:03.800476.
runtime: 16:51:18.969898, step:  480000, 48.00%, at 2021-05-22 11:37:07.032207.
runtime: 17:12:22.185030, step:  490000, 49.00%, at 2021-05-22 11:58:10.247339.
runtime: 17:33:25.444792, step:  500000, 50.00%, at 2021-05-22 12:19:13.507101.
runtime: 17:54:39.860025, step:  510000, 51.00%, at 2021-05-22 12:40:27.922334.
runtime: 18:15:43.067062, step:  520000, 52.00%, at 2021-05-22 13:01:31.129371.
runtime: 18:36:46.307985, step:  530000, 53.00%, at 2021-05-22 13:22:34.370294.
runtime: 18:57:49.542874, step:  540000, 54.00%, at 2021-05-22 13:43:37.605183.
runtime: 19:18:52.671040, step:  550000, 55.00%, at 2021-05-22 14:04:40.733349.
runtime: 19:39:55.895293, step:  560000, 56.00%, at 2021-05-22 14:25:43.957602.
runtime: 20:00:59.144242, step:  570000, 57.00%, at 2021-05-22 14:46:47.206551.
runtime: 20:22:02.382553, step:  580000, 58.00%, at 2021-05-22 15:07:50.444862.
runtime: 20:43:05.634052, step:  590000, 59.00%, at 2021-05-22 15:28:53.696361.
runtime: 21:04:08.884159, step:  600000, 60.00%, at 2021-05-22 15:49:56.946468.
runtime: 21:25:22.773469, step:  610000, 61.00%, at 2021-05-22 16:11:10.835778.
runtime: 21:46:25.935679, step:  620000, 62.00%, at 2021-05-22 16:32:13.997988.
runtime: 22:07:29.134551, step:  630000, 63.00%, at 2021-05-22 16:53:17.196860.
runtime: 22:28:33.381992, step:  640000, 64.00%, at 2021-05-22 17:14:21.444301.
runtime: 22:49:36.590806, step:  650000, 65.00%, at 2021-05-22 17:35:24.653115.
runtime: 23:10:39.799837, step:  660000, 66.00%, at 2021-05-22 17:56:27.862146.
runtime: 23:31:42.959110, step:  670000, 67.00%, at 2021-05-22 18:17:31.021419.
runtime: 23:52:46.148172, step:  680000, 68.00%, at 2021-05-22 18:38:34.210481.
runtime: 1 day, 0:13:49.355921, step:  690000, 69.00%, at 2021-05-22 18:59:37.418230.
runtime: 1 day, 0:34:52.579585, step:  700000, 70.00%, at 2021-05-22 19:20:40.641894.
runtime: 1 day, 0:56:06.833029, step:  710000, 71.00%, at 2021-05-22 19:41:54.895338.
runtime: 1 day, 1:17:10.043155, step:  720000, 72.00%, at 2021-05-22 20:02:58.105464.
runtime: 1 day, 1:38:13.281437, step:  730000, 73.00%, at 2021-05-22 20:24:01.343746.
runtime: 1 day, 1:59:16.462080, step:  740000, 74.00%, at 2021-05-22 20:45:04.524389.
runtime: 1 day, 2:20:19.707572, step:  750000, 75.00%, at 2021-05-22 21:06:07.769881.
runtime: 1 day, 2:41:22.973989, step:  760000, 76.00%, at 2021-05-22 21:27:11.036298.
runtime: 1 day, 3:02:26.227066, step:  770000, 77.00%, at 2021-05-22 21:48:14.289375.
runtime: 1 day, 3:23:29.471411, step:  780000, 78.00%, at 2021-05-22 22:09:17.533720.
runtime: 1 day, 3:44:32.721988, step:  790000, 79.00%, at 2021-05-22 22:30:20.784297.
runtime: 1 day, 4:05:35.975481, step:  800000, 80.00%, at 2021-05-22 22:51:24.037790.
runtime: 1 day, 4:26:49.830498, step:  810000, 81.00%, at 2021-05-22 23:12:37.892807.
runtime: 1 day, 4:47:53.043960, step:  820000, 82.00%, at 2021-05-22 23:33:41.106269.
runtime: 1 day, 5:08:56.277581, step:  830000, 83.00%, at 2021-05-22 23:54:44.339890.
runtime: 1 day, 5:29:59.498011, step:  840000, 84.00%, at 2021-05-23 00:15:47.560320.
runtime: 1 day, 5:51:02.755221, step:  850000, 85.00%, at 2021-05-23 00:36:50.817530.
runtime: 1 day, 6:12:06.010660, step:  860000, 86.00%, at 2021-05-23 00:57:54.072969.
runtime: 1 day, 6:33:09.177824, step:  870000, 87.00%, at 2021-05-23 01:18:57.240133.
runtime: 1 day, 6:54:12.417537, step:  880000, 88.00%, at 2021-05-23 01:40:00.479846.
runtime: 1 day, 7:15:15.617574, step:  890000, 89.00%, at 2021-05-23 02:01:03.679883.
runtime: 1 day, 7:36:18.801362, step:  900000, 90.00%, at 2021-05-23 02:22:06.863671.
runtime: 1 day, 7:57:32.810547, step:  910000, 91.00%, at 2021-05-23 02:43:20.872856.
runtime: 1 day, 8:18:36.028580, step:  920000, 92.00%, at 2021-05-23 03:04:24.090889.
runtime: 1 day, 8:39:39.234260, step:  930000, 93.00%, at 2021-05-23 03:25:27.296569.
runtime: 1 day, 9:00:42.380298, step:  940000, 94.00%, at 2021-05-23 03:46:30.442607.
runtime: 1 day, 9:21:45.544385, step:  950000, 95.00%, at 2021-05-23 04:07:33.606694.
runtime: 1 day, 9:42:48.726564, step:  960000, 96.00%, at 2021-05-23 04:28:36.788873.
runtime: 1 day, 10:03:51.916678, step:  970000, 97.00%, at 2021-05-23 04:49:39.978987.
runtime: 1 day, 10:24:55.179148, step:  980000, 98.00%, at 2021-05-23 05:10:43.241457.
runtime: 1 day, 10:45:58.333558, step:  990000, 99.00%, at 2021-05-23 05:31:46.395867.
runtime: 1 day, 11:07:01.531985, step: 1000000, 100.00%, at 2021-05-23 05:52:49.594294.
Simulation specifications are recorded. 2021-05-23 05:53:00.577038
