VOLUME of the space: 2.68e-19
Size of the space: 1024 x 0512 x 0512
Number of grid points:  1024 x    64 x    64
Grid spacing: 1.001 nm, 8.127 nm, 8.127 nm

VOLUME of the space: 2.68e-19
Size of the space: 1024 x 0512 x 0512
Number of grid points:  1024 x    64 x    64
Grid spacing: 1.001 nm, 8.127 nm, 8.127 nm

VOLUME of the space: 2.68e-19
Size of the space: 1024 x 0512 x 0512
Number of grid points:  1024 x    64 x    64
Grid spacing: 1.001 nm, 8.127 nm, 8.127 nm

Gaussian center wavelength: 0.6400 um.
Gaussian wavelength discretized per: 1 nm.
Gaussian wave pick position at: 3000 Tstep.
Gaussian angular frequency spread: 0.080 * w0

Box size: x=0.1024 um, y=0.5120 um, z=0.5120 um
Box size: x=0.1024 um, y=0.5120 um, z=0.5120 um
rank  0: xloc of Sx collector >>> global "818,819" and local "818,819"
rank  0: xloc of Sx collector >>> global "818,819" and local "818,819"
rank  0: xloc of Sx collector >>> global "307,308" and local "307,308"

Save directory: ../graph/sqhole_2slab_SHPF/1024nm0512nm0512nm_1024_0064_0064_1000000/

Total time step: 1000000
Size of a total field array : 32.00 Mbytes

Simulation start: 2021-05-21 18:40:03.693430
runtime: 0:00:02.355525, step:       0, 00.00%, at 2021-05-21 18:40:06.048915.
runtime: 0:05:25.622878, step:   10000, 01.00%, at 2021-05-21 18:45:29.316268.
runtime: 0:10:48.816530, step:   20000, 02.00%, at 2021-05-21 18:50:52.509920.
runtime: 0:16:12.037214, step:   30000, 03.00%, at 2021-05-21 18:56:15.730604.
runtime: 0:21:35.207586, step:   40000, 04.00%, at 2021-05-21 19:01:38.900976.
runtime: 0:26:58.425942, step:   50000, 05.00%, at 2021-05-21 19:07:02.119332.
runtime: 0:32:21.569616, step:   60000, 06.00%, at 2021-05-21 19:12:25.263006.
runtime: 0:37:44.752088, step:   70000, 07.00%, at 2021-05-21 19:17:48.445478.
runtime: 0:43:07.940051, step:   80000, 08.00%, at 2021-05-21 19:23:11.633441.
runtime: 0:48:31.152570, step:   90000, 09.00%, at 2021-05-21 19:28:34.845960.
runtime: 0:53:54.381148, step:  100000, 10.00%, at 2021-05-21 19:33:58.074538.
runtime: 0:59:21.015834, step:  110000, 11.00%, at 2021-05-21 19:39:24.709224.
runtime: 1:04:44.190731, step:  120000, 12.00%, at 2021-05-21 19:44:47.884121.
runtime: 1:10:07.446441, step:  130000, 13.00%, at 2021-05-21 19:50:11.139831.
runtime: 1:15:30.680571, step:  140000, 14.00%, at 2021-05-21 19:55:34.373961.
runtime: 1:20:53.897520, step:  150000, 15.00%, at 2021-05-21 20:00:57.590910.
runtime: 1:26:17.022609, step:  160000, 16.00%, at 2021-05-21 20:06:20.715999.
runtime: 1:31:40.255973, step:  170000, 17.00%, at 2021-05-21 20:11:43.949363.
runtime: 1:37:03.440720, step:  180000, 18.00%, at 2021-05-21 20:17:07.134110.
runtime: 1:42:26.649062, step:  190000, 19.00%, at 2021-05-21 20:22:30.342452.
runtime: 1:47:49.836712, step:  200000, 20.00%, at 2021-05-21 20:27:53.530102.
runtime: 1:53:16.378798, step:  210000, 21.00%, at 2021-05-21 20:33:20.072188.
runtime: 1:58:39.559340, step:  220000, 22.00%, at 2021-05-21 20:38:43.252730.
runtime: 2:04:02.709271, step:  230000, 23.00%, at 2021-05-21 20:44:06.402661.
runtime: 2:09:25.849578, step:  240000, 24.00%, at 2021-05-21 20:49:29.542968.
runtime: 2:14:49.102846, step:  250000, 25.00%, at 2021-05-21 20:54:52.796236.
runtime: 2:20:12.257837, step:  260000, 26.00%, at 2021-05-21 21:00:15.951227.
runtime: 2:25:35.432349, step:  270000, 27.00%, at 2021-05-21 21:05:39.125739.
runtime: 2:30:58.555026, step:  280000, 28.00%, at 2021-05-21 21:11:02.248416.
runtime: 2:36:21.808694, step:  290000, 29.00%, at 2021-05-21 21:16:25.502084.
runtime: 2:41:45.023122, step:  300000, 30.00%, at 2021-05-21 21:21:48.716512.
runtime: 2:47:11.494154, step:  310000, 31.00%, at 2021-05-21 21:27:15.187544.
runtime: 2:52:34.672407, step:  320000, 32.00%, at 2021-05-21 21:32:38.365797.
runtime: 2:57:57.799008, step:  330000, 33.00%, at 2021-05-21 21:38:01.492398.
runtime: 3:03:20.971081, step:  340000, 34.00%, at 2021-05-21 21:43:24.664471.
runtime: 3:08:44.151345, step:  350000, 35.00%, at 2021-05-21 21:48:47.844735.
runtime: 3:14:07.308259, step:  360000, 36.00%, at 2021-05-21 21:54:11.001649.
runtime: 3:19:30.498104, step:  370000, 37.00%, at 2021-05-21 21:59:34.191494.
runtime: 3:24:53.641943, step:  380000, 38.00%, at 2021-05-21 22:04:57.335333.
runtime: 3:30:16.774604, step:  390000, 39.00%, at 2021-05-21 22:10:20.467994.
runtime: 3:35:39.949561, step:  400000, 40.00%, at 2021-05-21 22:15:43.642951.
runtime: 3:41:06.393571, step:  410000, 41.00%, at 2021-05-21 22:21:10.086961.
runtime: 3:46:29.628308, step:  420000, 42.00%, at 2021-05-21 22:26:33.321698.
runtime: 3:51:52.788883, step:  430000, 43.00%, at 2021-05-21 22:31:56.482273.
runtime: 3:57:15.914350, step:  440000, 44.00%, at 2021-05-21 22:37:19.607740.
runtime: 4:02:39.184432, step:  450000, 45.00%, at 2021-05-21 22:42:42.877822.
runtime: 4:08:02.326220, step:  460000, 46.00%, at 2021-05-21 22:48:06.019610.
runtime: 4:13:25.493628, step:  470000, 47.00%, at 2021-05-21 22:53:29.187018.
runtime: 4:18:48.656590, step:  480000, 48.00%, at 2021-05-21 22:58:52.349980.
runtime: 4:24:11.836523, step:  490000, 49.00%, at 2021-05-21 23:04:15.529913.
runtime: 4:29:35.024105, step:  500000, 50.00%, at 2021-05-21 23:09:38.717495.
runtime: 4:35:01.563389, step:  510000, 51.00%, at 2021-05-21 23:15:05.256779.
runtime: 4:40:24.644785, step:  520000, 52.00%, at 2021-05-21 23:20:28.338175.
runtime: 4:45:47.887135, step:  530000, 53.00%, at 2021-05-21 23:25:51.580525.
runtime: 4:51:11.080364, step:  540000, 54.00%, at 2021-05-21 23:31:14.773754.
runtime: 4:56:34.207413, step:  550000, 55.00%, at 2021-05-21 23:36:37.900803.
runtime: 5:01:57.397120, step:  560000, 56.00%, at 2021-05-21 23:42:01.090510.
runtime: 5:07:20.528058, step:  570000, 57.00%, at 2021-05-21 23:47:24.221448.
runtime: 5:12:43.728674, step:  580000, 58.00%, at 2021-05-21 23:52:47.422064.
runtime: 5:18:06.882200, step:  590000, 59.00%, at 2021-05-21 23:58:10.575590.
runtime: 5:23:30.080572, step:  600000, 60.00%, at 2021-05-22 00:03:33.773962.
runtime: 5:28:56.618241, step:  610000, 61.00%, at 2021-05-22 00:09:00.311631.
runtime: 5:34:19.790265, step:  620000, 62.00%, at 2021-05-22 00:14:23.483655.
runtime: 5:39:42.975912, step:  630000, 63.00%, at 2021-05-22 00:19:46.669302.
runtime: 5:45:06.139388, step:  640000, 64.00%, at 2021-05-22 00:25:09.832778.
runtime: 5:50:29.301567, step:  650000, 65.00%, at 2021-05-22 00:30:32.994957.
runtime: 5:55:52.424770, step:  660000, 66.00%, at 2021-05-22 00:35:56.118160.
runtime: 6:01:15.553007, step:  670000, 67.00%, at 2021-05-22 00:41:19.246397.
runtime: 6:06:38.746149, step:  680000, 68.00%, at 2021-05-22 00:46:42.439539.
runtime: 6:12:01.977973, step:  690000, 69.00%, at 2021-05-22 00:52:05.671363.
runtime: 6:17:25.054829, step:  700000, 70.00%, at 2021-05-22 00:57:28.748219.
runtime: 6:22:51.468172, step:  710000, 71.00%, at 2021-05-22 01:02:55.161562.
runtime: 6:28:14.645118, step:  720000, 72.00%, at 2021-05-22 01:08:18.338508.
runtime: 6:33:37.814922, step:  730000, 73.00%, at 2021-05-22 01:13:41.508312.
runtime: 6:39:00.890175, step:  740000, 74.00%, at 2021-05-22 01:19:04.583565.
runtime: 6:44:24.021279, step:  750000, 75.00%, at 2021-05-22 01:24:27.714669.
runtime: 6:49:47.227053, step:  760000, 76.00%, at 2021-05-22 01:29:50.920443.
runtime: 6:55:10.439776, step:  770000, 77.00%, at 2021-05-22 01:35:14.133166.
runtime: 7:00:33.590016, step:  780000, 78.00%, at 2021-05-22 01:40:37.283406.
runtime: 7:05:56.726875, step:  790000, 79.00%, at 2021-05-22 01:46:00.420265.
runtime: 7:11:19.950310, step:  800000, 80.00%, at 2021-05-22 01:51:23.643700.
runtime: 7:16:46.505438, step:  810000, 81.00%, at 2021-05-22 01:56:50.198828.
runtime: 7:22:09.694490, step:  820000, 82.00%, at 2021-05-22 02:02:13.387880.
runtime: 7:27:32.848174, step:  830000, 83.00%, at 2021-05-22 02:07:36.541564.
runtime: 7:32:55.942251, step:  840000, 84.00%, at 2021-05-22 02:12:59.635641.
runtime: 7:38:19.073392, step:  850000, 85.00%, at 2021-05-22 02:18:22.766782.
runtime: 7:43:42.201639, step:  860000, 86.00%, at 2021-05-22 02:23:45.895029.
runtime: 7:49:05.314739, step:  870000, 87.00%, at 2021-05-22 02:29:09.008129.
runtime: 7:54:28.449084, step:  880000, 88.00%, at 2021-05-22 02:34:32.142474.
runtime: 7:59:51.532843, step:  890000, 89.00%, at 2021-05-22 02:39:55.226233.
runtime: 8:05:14.807161, step:  900000, 90.00%, at 2021-05-22 02:45:18.500551.
runtime: 8:10:42.548532, step:  910000, 91.00%, at 2021-05-22 02:50:46.241922.
runtime: 8:16:05.667845, step:  920000, 92.00%, at 2021-05-22 02:56:09.361235.
runtime: 8:21:28.797622, step:  930000, 93.00%, at 2021-05-22 03:01:32.491012.
runtime: 8:26:51.933205, step:  940000, 94.00%, at 2021-05-22 03:06:55.626595.
runtime: 8:32:15.042078, step:  950000, 95.00%, at 2021-05-22 03:12:18.735468.
runtime: 8:37:38.210981, step:  960000, 96.00%, at 2021-05-22 03:17:41.904371.
runtime: 8:43:01.337985, step:  970000, 97.00%, at 2021-05-22 03:23:05.031375.
runtime: 8:48:24.489370, step:  980000, 98.00%, at 2021-05-22 03:28:28.182760.
runtime: 8:53:47.532142, step:  990000, 99.00%, at 2021-05-22 03:33:51.225532.
runtime: 8:59:10.586317, step: 1000000, 100.00%, at 2021-05-22 03:39:14.279707.
Simulation specifications are recorded. 2021-05-22 03:39:17.678816
