VOLUME of the space: 8.05e-19
Size of the space: 3072 x 0512 x 0512
Number of grid points:   256 x    64 x    64
Grid spacing: 12.047 nm, 8.127 nm, 8.127 nm

VOLUME of the space: 8.05e-19
Size of the space: 3072 x 0512 x 0512
Number of grid points:   256 x    64 x    64
Grid spacing: 12.047 nm, 8.127 nm, 8.127 nm

VOLUME of the space: 8.05e-19
Size of the space: 3072 x 0512 x 0512
Number of grid points:   256 x    64 x    64
Grid spacing: 12.047 nm, 8.127 nm, 8.127 nm

Gaussian center wavelength: 0.6400 um.
Gaussian angular frequency spread: 0.080*w0
Gaussian center wavelength: 0.6400 um.
Gaussian wavelength discretized per: 1 nm.
Gaussian wave pick position at: 3000 Tstep.
Gaussian angular frequency spread: 0.080 * w0

Box size: x=0.1024 um, y=0.5120 um, z=0.5120 um
Box size: x=0.1024 um, y=0.5120 um, z=0.5120 um
rank  0: xloc of Sx collector >>> global "191,192" and local "191,192"
rank  0: xloc of Sx collector >>> global "51,52" and local "51,52"
rank  0: xloc of Sx collector >>> global "51,52" and local "51,52"

Total time step: 1000001
Size of a total field array : 08.00 Mbytes

Simulation start: 2021-05-18 11:26:29.582492
time: 0:00:01.586732, step: 00000,  0.00%
time: 0:02:50.486302, step: 10000,  1.00%
time: 0:05:39.447335, step: 20000,  2.00%
time: 0:08:28.476528, step: 30000,  3.00%
time: 0:11:17.442655, step: 40000,  4.00%
time: 0:14:06.416398, step: 50000,  5.00%
time: 0:16:55.349871, step: 60000,  6.00%
time: 0:19:44.342239, step: 70000,  7.00%
time: 0:22:33.351725, step: 80000,  8.00%
time: 0:25:22.371178, step: 90000,  9.00%
time: 0:28:11.344305, step: 100000, 10.00%
IRT.png are plotted at 100000 time step.
time: 0:31:04.438555, step: 110000, 11.00%
time: 0:33:53.418198, step: 120000, 12.00%
time: 0:36:42.425296, step: 130000, 13.00%
time: 0:39:31.361306, step: 140000, 14.00%
time: 0:42:20.296963, step: 150000, 15.00%
time: 0:45:09.249983, step: 160000, 16.00%
time: 0:47:58.214894, step: 170000, 17.00%
time: 0:50:47.176150, step: 180000, 18.00%
time: 0:53:36.175773, step: 190000, 19.00%
time: 0:56:25.100333, step: 200000, 20.00%
IRT.png are plotted at 200000 time step.
time: 0:59:18.204517, step: 210000, 21.00%
time: 1:02:07.140074, step: 220000, 22.00%
time: 1:04:56.077148, step: 230000, 23.00%
time: 1:07:45.023946, step: 240000, 24.00%
time: 1:10:34.092285, step: 250000, 25.00%
time: 1:13:23.084143, step: 260000, 26.00%
time: 1:16:12.110182, step: 270000, 27.00%
time: 1:19:01.082842, step: 280000, 28.00%
time: 1:21:50.124848, step: 290000, 29.00%
time: 1:24:39.111269, step: 300000, 30.00%
IRT.png are plotted at 300000 time step.
time: 1:27:32.251807, step: 310000, 31.00%
time: 1:30:21.275316, step: 320000, 32.00%
time: 1:33:10.333540, step: 330000, 33.00%
time: 1:35:59.300650, step: 340000, 34.00%
time: 1:38:49.416252, step: 350000, 35.00%
time: 1:41:38.424854, step: 360000, 36.00%
time: 1:44:27.476676, step: 370000, 37.00%
time: 1:47:16.506751, step: 380000, 38.00%
time: 1:50:05.553433, step: 390000, 39.00%
time: 1:52:54.574424, step: 400000, 40.00%
IRT.png are plotted at 400000 time step.
time: 1:55:47.744727, step: 410000, 41.00%
time: 1:58:36.752625, step: 420000, 42.00%
time: 2:01:25.762815, step: 430000, 43.00%
time: 2:04:14.771701, step: 440000, 44.00%
time: 2:07:03.793973, step: 450000, 45.00%
time: 2:09:52.779817, step: 460000, 46.00%
time: 2:12:41.807382, step: 470000, 47.00%
time: 2:15:30.813399, step: 480000, 48.00%
time: 2:18:19.868940, step: 490000, 49.00%
time: 2:21:08.890907, step: 500000, 50.00%
IRT.png are plotted at 500000 time step.
time: 2:24:02.037411, step: 510000, 51.00%
time: 2:26:50.982370, step: 520000, 52.00%
time: 2:29:40.034348, step: 530000, 53.00%
time: 2:32:29.043557, step: 540000, 54.00%
time: 2:35:18.108943, step: 550000, 55.00%
time: 2:38:07.028114, step: 560000, 56.00%
time: 2:40:56.056787, step: 570000, 57.00%
time: 2:43:45.060797, step: 580000, 58.00%
time: 2:46:34.067251, step: 590000, 59.00%
time: 2:49:23.021660, step: 600000, 60.00%
IRT.png are plotted at 600000 time step.
time: 2:52:16.080253, step: 610000, 61.00%
time: 2:55:05.055686, step: 620000, 62.00%
time: 2:57:54.033205, step: 630000, 63.00%
time: 3:00:43.038030, step: 640000, 64.00%
time: 3:03:32.093303, step: 650000, 65.00%
time: 3:06:21.072954, step: 660000, 66.00%
time: 3:09:10.077713, step: 670000, 67.00%
time: 3:11:59.025014, step: 680000, 68.00%
time: 3:14:48.060375, step: 690000, 69.00%
time: 3:17:37.062208, step: 700000, 70.00%
IRT.png are plotted at 700000 time step.
time: 3:20:30.152357, step: 710000, 71.00%
time: 3:23:19.180874, step: 720000, 72.00%
time: 3:26:08.224307, step: 730000, 73.00%
time: 3:28:57.266725, step: 740000, 74.00%
time: 3:31:46.278649, step: 750000, 75.00%
time: 3:34:35.327768, step: 760000, 76.00%
time: 3:37:24.345399, step: 770000, 77.00%
time: 3:40:13.350070, step: 780000, 78.00%
time: 3:43:02.379777, step: 790000, 79.00%
time: 3:45:51.410301, step: 800000, 80.00%
IRT.png are plotted at 800000 time step.
time: 3:48:44.556535, step: 810000, 81.00%
time: 3:51:33.570427, step: 820000, 82.00%
time: 3:54:22.564622, step: 830000, 83.00%
time: 3:57:11.565216, step: 840000, 84.00%
time: 4:00:00.610076, step: 850000, 85.00%
time: 4:02:49.604103, step: 860000, 86.00%
time: 4:05:38.718032, step: 870000, 87.00%
time: 4:08:27.697937, step: 880000, 88.00%
time: 4:11:16.737223, step: 890000, 89.00%
time: 4:14:05.709163, step: 900000, 90.00%
IRT.png are plotted at 900000 time step.
time: 4:16:58.912362, step: 910000, 91.00%
time: 4:19:47.944950, step: 920000, 92.00%
time: 4:22:36.950988, step: 930000, 93.00%
time: 4:25:25.939091, step: 940000, 94.00%
time: 4:28:14.979387, step: 950000, 95.00%
time: 4:31:03.977170, step: 960000, 96.00%
time: 4:33:53.001222, step: 970000, 97.00%
time: 4:36:41.984712, step: 980000, 98.00%
time: 4:39:30.949680, step: 990000, 99.00%
time: 4:42:19.964084, step: 1000000, 100.00%
IRT.png are plotted at 1000000 time step.
Simulation specifications are recorded. 2021-05-18 16:08:53.650003
