VOLUME of the space: 8.05e-19
Size of the space: 3072 x 0512 x 0512
Number of grid points:   256 x    64 x    64
Grid spacing: 12.047 nm, 8.127 nm, 8.127 nm

VOLUME of the space: 8.05e-19
Size of the space: 3072 x 0512 x 0512
Number of grid points:   256 x    64 x    64
Grid spacing: 12.047 nm, 8.127 nm, 8.127 nm

VOLUME of the space: 8.05e-19
Size of the space: 3072 x 0512 x 0512
Number of grid points:   256 x    64 x    64
Grid spacing: 12.047 nm, 8.127 nm, 8.127 nm

Gaussian center wavelength: 0.6400 um.
Gaussian angular frequency spread: 0.080*w0
Gaussian center wavelength: 0.6400 um.
Gaussian wavelength discretized per: 1 nm.
Gaussian wave pick position at: 3000 Tstep.
Gaussian angular frequency spread: 0.080 * w0

Box size: x=0.1024 um, y=0.5120 um, z=0.5120 um
rank  0: xloc of Sx collector >>> global "191,192" and local "191,192"
rank  0: xloc of Sx collector >>> global "51,52" and local "51,52"
rank  0: xloc of Sx collector >>> global "51,52" and local "51,52"

Total time step: 1000001
Size of a total field array : 08.00 Mbytes

Simulation start: 2021-05-19 07:27:56.098335
time: 0:00:01.612568, step: 00000,  0.00%
time: 0:02:50.303330, step: 10000,  1.00%
time: 0:05:38.999535, step: 20000,  2.00%
time: 0:08:27.753237, step: 30000,  3.00%
time: 0:11:16.410812, step: 40000,  4.00%
time: 0:14:05.117562, step: 50000,  5.00%
time: 0:16:53.774782, step: 60000,  6.00%
time: 0:19:42.518878, step: 70000,  7.00%
time: 0:22:31.203923, step: 80000,  8.00%
time: 0:25:19.952181, step: 90000,  9.00%
time: 0:28:08.619159, step: 100000, 10.00%
IRT.png are plotted at 100000 time step.
time: 0:31:01.561294, step: 110000, 11.00%
time: 0:33:50.206423, step: 120000, 12.00%
time: 0:36:38.892439, step: 130000, 13.00%
time: 0:39:27.583927, step: 140000, 14.00%
time: 0:42:16.278685, step: 150000, 15.00%
time: 0:45:04.962375, step: 160000, 16.00%
time: 0:47:53.692541, step: 170000, 17.00%
time: 0:50:42.379688, step: 180000, 18.00%
time: 0:53:31.092440, step: 190000, 19.00%
time: 0:56:19.721447, step: 200000, 20.00%
IRT.png are plotted at 200000 time step.
time: 0:59:12.589739, step: 210000, 21.00%
time: 1:02:01.307335, step: 220000, 22.00%
time: 1:04:50.017924, step: 230000, 23.00%
time: 1:07:38.679113, step: 240000, 24.00%
time: 1:10:27.388175, step: 250000, 25.00%
time: 1:13:16.051909, step: 260000, 26.00%
time: 1:16:04.787793, step: 270000, 27.00%
time: 1:18:53.524456, step: 280000, 28.00%
time: 1:21:42.256380, step: 290000, 29.00%
time: 1:24:30.916756, step: 300000, 30.00%
IRT.png are plotted at 300000 time step.
time: 1:27:23.826097, step: 310000, 31.00%
time: 1:30:12.503602, step: 320000, 32.00%
time: 1:33:01.192699, step: 330000, 33.00%
time: 1:35:49.869249, step: 340000, 34.00%
time: 1:38:38.615100, step: 350000, 35.00%
time: 1:41:27.292734, step: 360000, 36.00%
time: 1:44:16.049713, step: 370000, 37.00%
time: 1:47:04.720878, step: 380000, 38.00%
time: 1:49:53.426920, step: 390000, 39.00%
time: 1:52:42.095463, step: 400000, 40.00%
IRT.png are plotted at 400000 time step.
time: 1:55:35.043782, step: 410000, 41.00%
time: 1:58:23.755607, step: 420000, 42.00%
time: 2:01:12.482003, step: 430000, 43.00%
time: 2:04:01.183764, step: 440000, 44.00%
time: 2:06:49.934525, step: 450000, 45.00%
time: 2:09:38.762199, step: 460000, 46.00%
time: 2:12:27.518698, step: 470000, 47.00%
time: 2:15:16.217295, step: 480000, 48.00%
time: 2:18:04.928724, step: 490000, 49.00%
time: 2:20:53.602935, step: 500000, 50.00%
IRT.png are plotted at 500000 time step.
time: 2:23:46.647508, step: 510000, 51.00%
time: 2:26:35.341187, step: 520000, 52.00%
time: 2:29:24.034820, step: 530000, 53.00%
time: 2:32:12.716103, step: 540000, 54.00%
time: 2:35:01.439475, step: 550000, 55.00%
time: 2:37:50.160744, step: 560000, 56.00%
time: 2:40:38.856102, step: 570000, 57.00%
time: 2:43:27.554568, step: 580000, 58.00%
time: 2:46:16.225528, step: 590000, 59.00%
time: 2:49:04.923335, step: 600000, 60.00%
IRT.png are plotted at 600000 time step.
time: 2:51:57.960515, step: 610000, 61.00%
time: 2:54:46.631593, step: 620000, 62.00%
time: 2:57:35.296488, step: 630000, 63.00%
time: 3:00:24.013859, step: 640000, 64.00%
time: 3:03:12.699215, step: 650000, 65.00%
time: 3:06:01.396488, step: 660000, 66.00%
time: 3:08:50.118658, step: 670000, 67.00%
time: 3:11:38.785881, step: 680000, 68.00%
time: 3:14:27.468126, step: 690000, 69.00%
time: 3:17:16.174859, step: 700000, 70.00%
IRT.png are plotted at 700000 time step.
time: 3:20:09.209676, step: 710000, 71.00%
time: 3:22:57.885900, step: 720000, 72.00%
time: 3:25:46.593284, step: 730000, 73.00%
time: 3:28:35.294559, step: 740000, 74.00%
time: 3:31:23.996922, step: 750000, 75.00%
time: 3:34:12.703813, step: 760000, 76.00%
time: 3:37:01.412062, step: 770000, 77.00%
time: 3:39:50.098164, step: 780000, 78.00%
time: 3:42:38.854388, step: 790000, 79.00%
time: 3:45:27.506393, step: 800000, 80.00%
IRT.png are plotted at 800000 time step.
time: 3:48:20.533607, step: 810000, 81.00%
time: 3:51:09.238230, step: 820000, 82.00%
time: 3:53:57.979674, step: 830000, 83.00%
time: 3:56:46.682793, step: 840000, 84.00%
time: 3:59:35.401203, step: 850000, 85.00%
time: 4:02:24.113022, step: 860000, 86.00%
time: 4:05:12.829990, step: 870000, 87.00%
time: 4:08:01.553169, step: 880000, 88.00%
time: 4:10:50.243176, step: 890000, 89.00%
time: 4:13:38.923527, step: 900000, 90.00%
IRT.png are plotted at 900000 time step.
time: 4:16:32.019702, step: 910000, 91.00%
time: 4:19:20.736964, step: 920000, 92.00%
time: 4:22:09.439257, step: 930000, 93.00%
time: 4:24:58.128478, step: 940000, 94.00%
time: 4:27:46.861107, step: 950000, 95.00%
time: 4:30:35.584231, step: 960000, 96.00%
time: 4:33:24.350172, step: 970000, 97.00%
time: 4:36:13.031013, step: 980000, 98.00%
time: 4:39:01.736539, step: 990000, 99.00%
time: 4:41:50.473458, step: 1000000, 100.00%
IRT.png are plotted at 1000000 time step.
Simulation specifications are recorded. 2021-05-19 12:09:50.831164
