VOLUME of the space: 2.68e-19
Size of the space: 1024 x 0512 x 0512
Number of grid points:  1024 x   128 x   128
Grid spacing: 1.001 nm, 4.031 nm, 4.031 nm

VOLUME of the space: 2.68e-19
Size of the space: 1024 x 0512 x 0512
Number of grid points:  1024 x   128 x   128
Grid spacing: 1.001 nm, 4.031 nm, 4.031 nm

VOLUME of the space: 2.68e-19
Size of the space: 1024 x 0512 x 0512
Number of grid points:  1024 x   128 x   128
Grid spacing: 1.001 nm, 4.031 nm, 4.031 nm

Gaussian center wavelength: 0.6400 um.
Gaussian wavelength discretized per: 1 nm.
Gaussian wave pick position at: 3000 Tstep.
Gaussian angular frequency spread: 0.080 * w0

Box size: x=0.1024 um, y=0.5120 um, z=0.5120 um
Box size: x=0.1024 um, y=0.5120 um, z=0.5120 um
rank  0: xloc of Sx collector >>> global "818,819" and local "818,819"
rank  0: xloc of Sx collector >>> global "818,819" and local "818,819"
rank  0: xloc of Sx collector >>> global "307,308" and local "307,308"

Save directory: ../graph/sqhole_2slab_FDTD/1024nm0512nm0512nm_1024_0128_0128_1000000/

Total time step: 1000000
Size of a total field array : 128.00 Mbytes

Simulation start: 2021-05-21 18:44:02.212160
runtime: 0:00:05.634265, step:       0, 00.00%, at 2021-05-21 18:44:07.846392.
runtime: 0:18:48.372054, step:   10000, 01.00%, at 2021-05-21 19:02:50.584181.
runtime: 0:37:31.024299, step:   20000, 02.00%, at 2021-05-21 19:21:33.236426.
runtime: 0:56:13.628211, step:   30000, 03.00%, at 2021-05-21 19:40:15.840338.
runtime: 1:14:56.077581, step:   40000, 04.00%, at 2021-05-21 19:58:58.289708.
runtime: 1:33:38.608788, step:   50000, 05.00%, at 2021-05-21 20:17:40.820915.
runtime: 1:52:21.218685, step:   60000, 06.00%, at 2021-05-21 20:36:23.430812.
runtime: 2:11:03.761046, step:   70000, 07.00%, at 2021-05-21 20:55:05.973173.
runtime: 2:29:46.232881, step:   80000, 08.00%, at 2021-05-21 21:13:48.445008.
runtime: 2:48:28.823090, step:   90000, 09.00%, at 2021-05-21 21:32:31.035217.
runtime: 3:07:11.275361, step:  100000, 10.00%, at 2021-05-21 21:51:13.487488.
runtime: 3:26:04.551088, step:  110000, 11.00%, at 2021-05-21 22:10:06.763215.
runtime: 3:44:47.084827, step:  120000, 12.00%, at 2021-05-21 22:28:49.296954.
runtime: 4:03:29.563518, step:  130000, 13.00%, at 2021-05-21 22:47:31.775645.
runtime: 4:22:12.030143, step:  140000, 14.00%, at 2021-05-21 23:06:14.242270.
runtime: 4:40:54.580614, step:  150000, 15.00%, at 2021-05-21 23:24:56.792741.
runtime: 4:59:37.052142, step:  160000, 16.00%, at 2021-05-21 23:43:39.264269.
runtime: 5:18:19.557623, step:  170000, 17.00%, at 2021-05-22 00:02:21.769750.
runtime: 5:37:02.106002, step:  180000, 18.00%, at 2021-05-22 00:21:04.318129.
runtime: 5:55:44.573620, step:  190000, 19.00%, at 2021-05-22 00:39:46.785747.
runtime: 6:14:27.151542, step:  200000, 20.00%, at 2021-05-22 00:58:29.363669.
runtime: 6:33:20.407627, step:  210000, 21.00%, at 2021-05-22 01:17:22.619754.
runtime: 6:52:02.851182, step:  220000, 22.00%, at 2021-05-22 01:36:05.063309.
runtime: 7:10:45.693861, step:  230000, 23.00%, at 2021-05-22 01:54:47.905988.
runtime: 7:29:28.200372, step:  240000, 24.00%, at 2021-05-22 02:13:30.412499.
runtime: 7:48:10.689830, step:  250000, 25.00%, at 2021-05-22 02:32:12.901957.
runtime: 8:06:53.212849, step:  260000, 26.00%, at 2021-05-22 02:50:55.424976.
runtime: 8:25:35.639890, step:  270000, 27.00%, at 2021-05-22 03:09:37.852017.
runtime: 8:44:18.144619, step:  280000, 28.00%, at 2021-05-22 03:28:20.356746.
runtime: 9:03:00.645090, step:  290000, 29.00%, at 2021-05-22 03:47:02.857217.
runtime: 9:21:43.120791, step:  300000, 30.00%, at 2021-05-22 04:05:45.332918.
runtime: 9:40:37.345937, step:  310000, 31.00%, at 2021-05-22 04:24:39.558064.
runtime: 9:59:20.198857, step:  320000, 32.00%, at 2021-05-22 04:43:22.410984.
runtime: 10:18:02.758888, step:  330000, 33.00%, at 2021-05-22 05:02:04.971015.
runtime: 10:36:45.267162, step:  340000, 34.00%, at 2021-05-22 05:20:47.479289.
runtime: 10:55:27.665739, step:  350000, 35.00%, at 2021-05-22 05:39:29.877866.
runtime: 11:14:10.135168, step:  360000, 36.00%, at 2021-05-22 05:58:12.347295.
runtime: 11:32:52.658080, step:  370000, 37.00%, at 2021-05-22 06:16:54.870207.
runtime: 11:51:35.144535, step:  380000, 38.00%, at 2021-05-22 06:35:37.356662.
runtime: 12:10:17.563557, step:  390000, 39.00%, at 2021-05-22 06:54:19.775684.
runtime: 12:29:00.049770, step:  400000, 40.00%, at 2021-05-22 07:13:02.261897.
runtime: 12:47:53.602397, step:  410000, 41.00%, at 2021-05-22 07:31:55.814524.
runtime: 13:06:36.026955, step:  420000, 42.00%, at 2021-05-22 07:50:38.239082.
runtime: 13:25:18.370103, step:  430000, 43.00%, at 2021-05-22 08:09:20.582230.
runtime: 13:44:00.833358, step:  440000, 44.00%, at 2021-05-22 08:28:03.045485.
runtime: 14:02:43.235504, step:  450000, 45.00%, at 2021-05-22 08:46:45.447631.
runtime: 14:21:25.683397, step:  460000, 46.00%, at 2021-05-22 09:05:27.895524.
runtime: 14:40:08.063988, step:  470000, 47.00%, at 2021-05-22 09:24:10.276115.
runtime: 14:58:50.523329, step:  480000, 48.00%, at 2021-05-22 09:42:52.735456.
runtime: 15:17:32.906456, step:  490000, 49.00%, at 2021-05-22 10:01:35.118583.
runtime: 15:36:15.336449, step:  500000, 50.00%, at 2021-05-22 10:20:17.548576.
runtime: 15:55:08.347808, step:  510000, 51.00%, at 2021-05-22 10:39:10.559935.
runtime: 16:13:50.685497, step:  520000, 52.00%, at 2021-05-22 10:57:52.897624.
runtime: 16:32:33.066397, step:  530000, 53.00%, at 2021-05-22 11:16:35.278524.
runtime: 16:51:15.420852, step:  540000, 54.00%, at 2021-05-22 11:35:17.632979.
runtime: 17:09:57.809682, step:  550000, 55.00%, at 2021-05-22 11:54:00.021809.
runtime: 17:28:40.200400, step:  560000, 56.00%, at 2021-05-22 12:12:42.412527.
runtime: 17:47:22.521175, step:  570000, 57.00%, at 2021-05-22 12:31:24.733302.
runtime: 18:06:04.960482, step:  580000, 58.00%, at 2021-05-22 12:50:07.172609.
runtime: 18:24:47.303449, step:  590000, 59.00%, at 2021-05-22 13:08:49.515576.
runtime: 18:43:29.641187, step:  600000, 60.00%, at 2021-05-22 13:27:31.853314.
runtime: 19:02:23.280641, step:  610000, 61.00%, at 2021-05-22 13:46:25.492768.
runtime: 19:21:05.636362, step:  620000, 62.00%, at 2021-05-22 14:05:07.848489.
runtime: 19:39:47.882792, step:  630000, 63.00%, at 2021-05-22 14:23:50.094919.
runtime: 19:58:30.246347, step:  640000, 64.00%, at 2021-05-22 14:42:32.458474.
runtime: 20:17:12.606035, step:  650000, 65.00%, at 2021-05-22 15:01:14.818162.
runtime: 20:35:54.903612, step:  660000, 66.00%, at 2021-05-22 15:19:57.115739.
runtime: 20:54:37.192906, step:  670000, 67.00%, at 2021-05-22 15:38:39.405033.
runtime: 21:13:19.510215, step:  680000, 68.00%, at 2021-05-22 15:57:21.722342.
runtime: 21:32:01.833837, step:  690000, 69.00%, at 2021-05-22 16:16:04.045964.
runtime: 21:50:44.156530, step:  700000, 70.00%, at 2021-05-22 16:34:46.368657.
runtime: 22:09:37.565649, step:  710000, 71.00%, at 2021-05-22 16:53:39.777776.
runtime: 22:28:20.036582, step:  720000, 72.00%, at 2021-05-22 17:12:22.248709.
runtime: 22:47:02.502464, step:  730000, 73.00%, at 2021-05-22 17:31:04.714591.
runtime: 23:05:44.999706, step:  740000, 74.00%, at 2021-05-22 17:49:47.211833.
runtime: 23:24:27.440380, step:  750000, 75.00%, at 2021-05-22 18:08:29.652507.
runtime: 23:43:10.009551, step:  760000, 76.00%, at 2021-05-22 18:27:12.221678.
runtime: 1 day, 0:01:52.505016, step:  770000, 77.00%, at 2021-05-22 18:45:54.717143.
runtime: 1 day, 0:20:34.943891, step:  780000, 78.00%, at 2021-05-22 19:04:37.156018.
runtime: 1 day, 0:39:17.489622, step:  790000, 79.00%, at 2021-05-22 19:23:19.701749.
runtime: 1 day, 0:57:59.992238, step:  800000, 80.00%, at 2021-05-22 19:42:02.204365.
runtime: 1 day, 1:16:53.322047, step:  810000, 81.00%, at 2021-05-22 20:00:55.534174.
runtime: 1 day, 1:35:35.828495, step:  820000, 82.00%, at 2021-05-22 20:19:38.040622.
runtime: 1 day, 1:54:18.336604, step:  830000, 83.00%, at 2021-05-22 20:38:20.548731.
runtime: 1 day, 2:13:00.691089, step:  840000, 84.00%, at 2021-05-22 20:57:02.903216.
runtime: 1 day, 2:31:43.138152, step:  850000, 85.00%, at 2021-05-22 21:15:45.350279.
runtime: 1 day, 2:50:25.571713, step:  860000, 86.00%, at 2021-05-22 21:34:27.783840.
runtime: 1 day, 3:09:07.984779, step:  870000, 87.00%, at 2021-05-22 21:53:10.196906.
runtime: 1 day, 3:27:50.366584, step:  880000, 88.00%, at 2021-05-22 22:11:52.578711.
runtime: 1 day, 3:46:32.873822, step:  890000, 89.00%, at 2021-05-22 22:30:35.085949.
runtime: 1 day, 4:05:15.283820, step:  900000, 90.00%, at 2021-05-22 22:49:17.495947.
runtime: 1 day, 4:24:08.372014, step:  910000, 91.00%, at 2021-05-22 23:08:10.584141.
runtime: 1 day, 4:42:50.722071, step:  920000, 92.00%, at 2021-05-22 23:26:52.934198.
runtime: 1 day, 5:01:33.142115, step:  930000, 93.00%, at 2021-05-22 23:45:35.354242.
runtime: 1 day, 5:20:15.579871, step:  940000, 94.00%, at 2021-05-23 00:04:17.791998.
runtime: 1 day, 5:38:57.956641, step:  950000, 95.00%, at 2021-05-23 00:23:00.168768.
runtime: 1 day, 5:57:40.376647, step:  960000, 96.00%, at 2021-05-23 00:41:42.588774.
runtime: 1 day, 6:16:22.755109, step:  970000, 97.00%, at 2021-05-23 01:00:24.967236.
runtime: 1 day, 6:35:05.269371, step:  980000, 98.00%, at 2021-05-23 01:19:07.481498.
runtime: 1 day, 6:53:47.624049, step:  990000, 99.00%, at 2021-05-23 01:37:49.836176.
runtime: 1 day, 7:12:30.077769, step: 1000000, 100.00%, at 2021-05-23 01:56:32.289896.
Simulation specifications are recorded. 2021-05-23 01:56:43.125474
