VOLUME of the space: 8.05e-19
Size of the space: 3072 x 0512 x 0512
Number of grid points:   256 x   128 x   128
Grid spacing: 12.047 nm, 4.031 nm, 4.031 nm

VOLUME of the space: 8.05e-19
Size of the space: 3072 x 0512 x 0512
Number of grid points:   256 x   128 x   128
Grid spacing: 12.047 nm, 4.031 nm, 4.031 nm

VOLUME of the space: 8.05e-19
Size of the space: 3072 x 0512 x 0512
Number of grid points:   256 x   128 x   128
Grid spacing: 12.047 nm, 4.031 nm, 4.031 nm

Gaussian center wavelength: 0.6400 um.
Gaussian angular frequency spread: 0.080*w0
Gaussian center wavelength: 0.6400 um.
Gaussian angular frequency spread: 0.080*w0
Gaussian center wavelength: 0.6400 um.
Gaussian wavelength discretized per: 1 nm.
Gaussian wave pick position at: 3000 Tstep.
Gaussian angular frequency spread: 0.080 * w0

