VOLUME of the space: 8.05e-19
Size of the space: 3072 x 0512 x 0512
Number of grid points:   256 x    64 x    64
Grid spacing: 12.047 nm, 8.127 nm, 8.127 nm

VOLUME of the space: 8.05e-19
Size of the space: 3072 x 0512 x 0512
Number of grid points:   256 x    64 x    64
Grid spacing: 12.047 nm, 8.127 nm, 8.127 nm

VOLUME of the space: 8.05e-19
Size of the space: 3072 x 0512 x 0512
Number of grid points:   256 x    64 x    64
Grid spacing: 12.047 nm, 8.127 nm, 8.127 nm

Gaussian center wavelength: 0.6400 um.
Gaussian angular frequency spread: 0.080*w0
Gaussian center wavelength: 0.6400 um.
Gaussian wavelength discretized per: 1 nm.
Gaussian wave pick position at: 3000 Tstep.
Gaussian angular frequency spread: 0.080 * w0

Box size: x=0.1024 um, y=0.5120 um, z=0.5120 um
rank  0: xloc of Sx collector >>> global "191,192" and local "191,192"
rank  0: xloc of Sx collector >>> global "76,77" and local "76,77"
rank  0: xloc of Sx collector >>> global "76,77" and local "76,77"

Total time step: 1000001
Size of a total field array : 08.00 Mbytes

Simulation start: 2021-05-20 11:19:09.702396
time: 0:00:01.486829, step: 00000,  0.00%
time: 0:01:38.046927, step: 10000,  1.00%
time: 0:03:14.708645, step: 20000,  2.00%
time: 0:04:51.446569, step: 30000,  3.00%
time: 0:06:28.125069, step: 40000,  4.00%
time: 0:08:04.850321, step: 50000,  5.00%
time: 0:09:41.493167, step: 60000,  6.00%
time: 0:11:18.216430, step: 70000,  7.00%
time: 0:12:54.870554, step: 80000,  8.00%
time: 0:14:31.550496, step: 90000,  9.00%
time: 0:16:08.250715, step: 100000, 10.00%
IRT.png are plotted at 100000 time step.
time: 0:17:49.367118, step: 110000, 11.00%
time: 0:19:26.115881, step: 120000, 12.00%
time: 0:21:02.800682, step: 130000, 13.00%
time: 0:22:39.515407, step: 140000, 14.00%
time: 0:24:16.209481, step: 150000, 15.00%
time: 0:25:52.964368, step: 160000, 16.00%
time: 0:27:29.723362, step: 170000, 17.00%
time: 0:29:06.397157, step: 180000, 18.00%
time: 0:30:43.160060, step: 190000, 19.00%
time: 0:32:19.856140, step: 200000, 20.00%
IRT.png are plotted at 200000 time step.
time: 0:34:00.747479, step: 210000, 21.00%
time: 0:35:37.429744, step: 220000, 22.00%
time: 0:37:14.180117, step: 230000, 23.00%
time: 0:38:50.909018, step: 240000, 24.00%
time: 0:40:27.567471, step: 250000, 25.00%
time: 0:42:04.280763, step: 260000, 26.00%
time: 0:43:40.935586, step: 270000, 27.00%
time: 0:45:17.625522, step: 280000, 28.00%
time: 0:46:54.383546, step: 290000, 29.00%
time: 0:48:31.061183, step: 300000, 30.00%
IRT.png are plotted at 300000 time step.
time: 0:50:12.113313, step: 310000, 31.00%
time: 0:51:48.766635, step: 320000, 32.00%
time: 0:53:25.543402, step: 330000, 33.00%
time: 0:55:02.232968, step: 340000, 34.00%
time: 0:56:38.992758, step: 350000, 35.00%
time: 0:58:15.711028, step: 360000, 36.00%
time: 0:59:52.401669, step: 370000, 37.00%
time: 1:01:29.138941, step: 380000, 38.00%
time: 1:03:05.842604, step: 390000, 39.00%
time: 1:04:42.584765, step: 400000, 40.00%
IRT.png are plotted at 400000 time step.
time: 1:06:23.703891, step: 410000, 41.00%
time: 1:08:00.404132, step: 420000, 42.00%
time: 1:09:37.149732, step: 430000, 43.00%
time: 1:11:13.795721, step: 440000, 44.00%
time: 1:12:50.594868, step: 450000, 45.00%
time: 1:14:27.244875, step: 460000, 46.00%
time: 1:16:03.982973, step: 470000, 47.00%
time: 1:17:40.748906, step: 480000, 48.00%
time: 1:19:17.445530, step: 490000, 49.00%
time: 1:20:54.220791, step: 500000, 50.00%
IRT.png are plotted at 500000 time step.
time: 1:22:35.101558, step: 510000, 51.00%
time: 1:24:11.823184, step: 520000, 52.00%
time: 1:25:48.550778, step: 530000, 53.00%
time: 1:27:25.196447, step: 540000, 54.00%
time: 1:29:01.946846, step: 550000, 55.00%
time: 1:30:38.630977, step: 560000, 56.00%
time: 1:32:15.406179, step: 570000, 57.00%
time: 1:33:52.086453, step: 580000, 58.00%
time: 1:35:28.820070, step: 590000, 59.00%
time: 1:37:05.578946, step: 600000, 60.00%
IRT.png are plotted at 600000 time step.
time: 1:38:46.357480, step: 610000, 61.00%
time: 1:40:23.000559, step: 620000, 62.00%
time: 1:41:59.618195, step: 630000, 63.00%
time: 1:43:36.252721, step: 640000, 64.00%
time: 1:45:12.959231, step: 650000, 65.00%
time: 1:46:49.661505, step: 660000, 66.00%
time: 1:48:26.366454, step: 670000, 67.00%
time: 1:50:03.001572, step: 680000, 68.00%
time: 1:51:39.729819, step: 690000, 69.00%
time: 1:53:16.395583, step: 700000, 70.00%
IRT.png are plotted at 700000 time step.
time: 1:54:57.535554, step: 710000, 71.00%
time: 1:56:34.299539, step: 720000, 72.00%
time: 1:58:10.973221, step: 730000, 73.00%
time: 1:59:47.717615, step: 740000, 74.00%
time: 2:01:24.434927, step: 750000, 75.00%
time: 2:03:01.170748, step: 760000, 76.00%
time: 2:04:37.892793, step: 770000, 77.00%
time: 2:06:14.586003, step: 780000, 78.00%
time: 2:07:51.312515, step: 790000, 79.00%
time: 2:09:27.982957, step: 800000, 80.00%
IRT.png are plotted at 800000 time step.
time: 2:11:08.905707, step: 810000, 81.00%
time: 2:12:45.576795, step: 820000, 82.00%
time: 2:14:22.327023, step: 830000, 83.00%
time: 2:15:59.084302, step: 840000, 84.00%
time: 2:17:35.844205, step: 850000, 85.00%
time: 2:19:12.605384, step: 860000, 86.00%
time: 2:20:49.329900, step: 870000, 87.00%
time: 2:22:26.077751, step: 880000, 88.00%
time: 2:24:02.802633, step: 890000, 89.00%
time: 2:25:39.532038, step: 900000, 90.00%
IRT.png are plotted at 900000 time step.
time: 2:27:20.462703, step: 910000, 91.00%
time: 2:28:57.117482, step: 920000, 92.00%
time: 2:30:33.857922, step: 930000, 93.00%
time: 2:32:10.496490, step: 940000, 94.00%
time: 2:33:47.228327, step: 950000, 95.00%
time: 2:35:23.900902, step: 960000, 96.00%
time: 2:37:00.605150, step: 970000, 97.00%
time: 2:38:37.311746, step: 980000, 98.00%
time: 2:40:13.972148, step: 990000, 99.00%
time: 2:41:50.661255, step: 1000000, 100.00%
IRT.png are plotted at 1000000 time step.
Simulation specifications are recorded. 2021-05-20 14:01:04.595359
