VOLUME of the space: 8.05e-19
Size of the space: 3072 x 0512 x 0512
Number of grid points:   256 x    64 x    64
Grid spacing: 12.047 nm, 8.127 nm, 8.127 nm

VOLUME of the space: 8.05e-19
Size of the space: 3072 x 0512 x 0512
Number of grid points:   256 x    64 x    64
Grid spacing: 12.047 nm, 8.127 nm, 8.127 nm

VOLUME of the space: 8.05e-19
Size of the space: 3072 x 0512 x 0512
Number of grid points:   256 x    64 x    64
Grid spacing: 12.047 nm, 8.127 nm, 8.127 nm

Gaussian center wavelength: 0.6400 um.
Gaussian angular frequency spread: 0.080*w0
Gaussian center wavelength: 0.6400 um.
Gaussian wavelength discretized per: 1 nm.
Gaussian wave pick position at: 3000 Tstep.
Gaussian angular frequency spread: 0.080 * w0

Box size: x=0.1024 um, y=0.5120 um, z=0.5120 um
Box size: x=0.1024 um, y=0.5120 um, z=0.5120 um
rank  0: xloc of Sx collector >>> global "191,192" and local "191,192"
rank  0: xloc of Sx collector >>> global "51,52" and local "51,52"
rank  0: xloc of Sx collector >>> global "51,52" and local "51,52"

Total time step: 1000001
Size of a total field array : 08.00 Mbytes

Simulation start: 2021-05-18 14:53:54.286540
time: 0:00:01.498399, step: 00000,  0.00%
time: 0:01:38.190978, step: 10000,  1.00%
time: 0:03:14.872558, step: 20000,  2.00%
time: 0:04:51.578898, step: 30000,  3.00%
time: 0:06:28.337516, step: 40000,  4.00%
time: 0:08:05.069825, step: 50000,  5.00%
time: 0:09:41.799407, step: 60000,  6.00%
time: 0:11:18.550688, step: 70000,  7.00%
time: 0:12:55.248147, step: 80000,  8.00%
time: 0:14:31.954206, step: 90000,  9.00%
time: 0:16:08.691721, step: 100000, 10.00%
IRT.png are plotted at 100000 time step.
time: 0:17:49.502874, step: 110000, 11.00%
time: 0:19:26.180709, step: 120000, 12.00%
time: 0:21:02.927773, step: 130000, 13.00%
time: 0:22:39.653755, step: 140000, 14.00%
time: 0:24:16.479589, step: 150000, 15.00%
time: 0:25:53.221515, step: 160000, 16.00%
time: 0:27:29.972311, step: 170000, 17.00%
time: 0:29:06.678735, step: 180000, 18.00%
time: 0:30:43.441007, step: 190000, 19.00%
time: 0:32:20.165067, step: 200000, 20.00%
IRT.png are plotted at 200000 time step.
time: 0:34:00.988466, step: 210000, 21.00%
time: 0:35:37.693425, step: 220000, 22.00%
time: 0:37:14.443703, step: 230000, 23.00%
time: 0:38:51.196285, step: 240000, 24.00%
time: 0:40:27.955901, step: 250000, 25.00%
time: 0:42:05.689945, step: 260000, 26.00%
time: 0:43:42.453505, step: 270000, 27.00%
time: 0:45:19.127138, step: 280000, 28.00%
time: 0:46:55.852450, step: 290000, 29.00%
time: 0:48:32.545136, step: 300000, 30.00%
IRT.png are plotted at 300000 time step.
time: 0:50:13.389750, step: 310000, 31.00%
time: 0:51:50.052032, step: 320000, 32.00%
time: 0:53:26.766087, step: 330000, 33.00%
time: 0:55:03.371881, step: 340000, 34.00%
time: 0:56:40.062739, step: 350000, 35.00%
time: 0:58:16.750642, step: 360000, 36.00%
time: 0:59:53.380064, step: 370000, 37.00%
time: 1:01:29.993332, step: 380000, 38.00%
time: 1:03:06.684913, step: 390000, 39.00%
time: 1:04:43.338694, step: 400000, 40.00%
IRT.png are plotted at 400000 time step.
time: 1:06:24.204577, step: 410000, 41.00%
time: 1:08:00.906180, step: 420000, 42.00%
time: 1:09:37.621744, step: 430000, 43.00%
time: 1:11:14.338436, step: 440000, 44.00%
time: 1:12:51.211619, step: 450000, 45.00%
time: 1:14:27.916935, step: 460000, 46.00%
time: 1:16:04.640187, step: 470000, 47.00%
time: 1:17:41.337359, step: 480000, 48.00%
time: 1:19:18.077110, step: 490000, 49.00%
time: 1:20:54.770794, step: 500000, 50.00%
IRT.png are plotted at 500000 time step.
time: 1:22:35.648102, step: 510000, 51.00%
time: 1:24:12.332041, step: 520000, 52.00%
time: 1:25:49.109433, step: 530000, 53.00%
time: 1:27:25.795803, step: 540000, 54.00%
time: 1:29:02.475304, step: 550000, 55.00%
time: 1:30:39.201025, step: 560000, 56.00%
time: 1:32:15.890346, step: 570000, 57.00%
time: 1:33:52.577407, step: 580000, 58.00%
time: 1:35:29.290071, step: 590000, 59.00%
time: 1:37:06.004339, step: 600000, 60.00%
IRT.png are plotted at 600000 time step.
time: 1:38:46.680256, step: 610000, 61.00%
time: 1:40:23.315278, step: 620000, 62.00%
time: 1:42:00.031455, step: 630000, 63.00%
time: 1:43:36.658603, step: 640000, 64.00%
time: 1:45:13.371448, step: 650000, 65.00%
time: 1:46:50.051607, step: 660000, 66.00%
time: 1:48:26.760941, step: 670000, 67.00%
time: 1:50:03.439020, step: 680000, 68.00%
time: 1:51:40.113455, step: 690000, 69.00%
time: 1:53:16.793930, step: 700000, 70.00%
IRT.png are plotted at 700000 time step.
time: 1:54:57.626408, step: 710000, 71.00%
time: 1:56:34.267917, step: 720000, 72.00%
time: 1:58:11.002193, step: 730000, 73.00%
time: 1:59:47.581515, step: 740000, 74.00%
time: 2:01:24.225546, step: 750000, 75.00%
time: 2:03:00.829393, step: 760000, 76.00%
time: 2:04:37.528674, step: 770000, 77.00%
time: 2:06:14.180204, step: 780000, 78.00%
time: 2:07:50.876368, step: 790000, 79.00%
time: 2:09:27.540934, step: 800000, 80.00%
IRT.png are plotted at 800000 time step.
time: 2:11:08.198192, step: 810000, 81.00%
time: 2:12:44.859340, step: 820000, 82.00%
time: 2:14:21.585864, step: 830000, 83.00%
time: 2:15:58.278533, step: 840000, 84.00%
time: 2:17:34.982100, step: 850000, 85.00%
time: 2:19:11.643362, step: 860000, 86.00%
time: 2:20:48.364182, step: 870000, 87.00%
time: 2:22:25.044800, step: 880000, 88.00%
time: 2:24:01.746480, step: 890000, 89.00%
time: 2:25:38.408081, step: 900000, 90.00%
IRT.png are plotted at 900000 time step.
time: 2:27:19.280014, step: 910000, 91.00%
time: 2:28:56.011869, step: 920000, 92.00%
time: 2:30:32.761506, step: 930000, 93.00%
time: 2:32:09.473754, step: 940000, 94.00%
time: 2:33:46.214726, step: 950000, 95.00%
time: 2:35:22.931882, step: 960000, 96.00%
time: 2:36:59.640433, step: 970000, 97.00%
time: 2:38:36.340822, step: 980000, 98.00%
time: 2:40:13.026748, step: 990000, 99.00%
time: 2:41:49.749382, step: 1000000, 100.00%
IRT.png are plotted at 1000000 time step.
Simulation specifications are recorded. 2021-05-18 17:35:48.103394
